2017-11-07 14:27:19,167 [Worker-9] INFO  o.e.m.c.i.l.LifecycleMappingFactory - Using org.eclipse.m2e.jdt.JarLifecycleMapping lifecycle mapping for MavenProject: com:jdbcTP2:0.0.1-SNAPSHOT @ /Users/Simao/ISEP2017/TP_WebAdvanced_ALL/TP2_PEDRO_NARBONI/jdbcTP2/pom.xml.
2017-11-07 14:27:19,553 [Worker-9] INFO  o.e.m.j.i.AbstractJavaProjectConfigurator - Adding source folder /jdbcTP2/src/main/java
2017-11-07 14:27:19,553 [Worker-9] INFO  o.e.m.j.i.AbstractJavaProjectConfigurator - Adding resource folder /jdbcTP2/src/main/resources
2017-11-07 14:27:19,554 [Worker-9] INFO  o.e.m.j.i.AbstractJavaProjectConfigurator - Adding source folder /jdbcTP2/src/test/java
2017-11-07 14:27:19,632 [Worker-9] INFO  o.e.m.c.i.p.ProjectConfigurationManager - Imported and configured 1 project(s) in 1 sec
2017-11-07 14:27:20,729 [Worker-15] INFO  o.e.m.c.i.embedder.EclipseLogger - Using 'UTF-8' encoding to copy filtered resources.
2017-11-07 14:27:20,738 [Worker-15] INFO  o.e.m.c.i.embedder.EclipseLogger - Copying 1 resource
2017-11-07 14:27:20,754 [Worker-15] INFO  o.e.m.c.i.embedder.EclipseLogger - Using 'UTF-8' encoding to copy filtered resources.
2017-11-07 14:27:20,754 [Worker-15] INFO  o.e.m.c.i.embedder.EclipseLogger - skip non existing resourceDirectory /Users/Simao/ISEP2017/TP_WebAdvanced_ALL/TP2_PEDRO_NARBONI/jdbcTP2/src/test/resources
2017-11-07 14:32:45,809 [Worker-8] INFO  o.e.m.c.i.l.LifecycleMappingFactory - Using org.eclipse.m2e.jdt.JarLifecycleMapping lifecycle mapping for MavenProject: com:jdbcTP2:0.0.1-SNAPSHOT @ /Users/Simao/ISEP2017/TP_WebAdvanced_ALL/TP2_PEDRO_NARBONI/jdbcTP2/pom.xml.
2017-11-07 14:32:46,022 [Worker-8] INFO  o.e.m.j.i.AbstractJavaProjectConfigurator - Adding source folder /jdbcTP2/src/main/java
2017-11-07 14:32:46,022 [Worker-8] INFO  o.e.m.j.i.AbstractJavaProjectConfigurator - Adding resource folder /jdbcTP2/src/main/resources
2017-11-07 14:32:46,028 [Worker-8] INFO  o.e.m.j.i.AbstractJavaProjectConfigurator - Adding source folder /jdbcTP2/src/test/java
2017-11-07 14:32:46,074 [Worker-8] INFO  o.e.m.c.i.p.ProjectConfigurationManager - Imported and configured 1 project(s) in 1 sec
2017-11-07 14:32:46,492 [Worker-0] INFO  o.e.m.c.i.embedder.EclipseLogger - Using 'UTF-8' encoding to copy filtered resources.
2017-11-07 14:32:46,493 [Worker-0] INFO  o.e.m.c.i.embedder.EclipseLogger - Copying 1 resource
2017-11-07 14:32:46,502 [Worker-0] INFO  o.e.m.c.i.embedder.EclipseLogger - Using 'UTF-8' encoding to copy filtered resources.
2017-11-07 14:32:46,503 [Worker-0] INFO  o.e.m.c.i.embedder.EclipseLogger - skip non existing resourceDirectory /Users/Simao/ISEP2017/TP_WebAdvanced_ALL/TP2_PEDRO_NARBONI/jdbcTP2/src/test/resources
2017-11-07 14:33:00,233 [Worker-27] INFO  o.e.m.c.i.embedder.EclipseLogger - Using 'UTF-8' encoding to copy filtered resources.
2017-11-07 14:33:00,271 [Worker-27] INFO  o.e.m.c.i.embedder.EclipseLogger - Copying 0 resource
2017-11-07 14:33:00,274 [Worker-27] INFO  o.e.m.c.i.embedder.EclipseLogger - Using 'UTF-8' encoding to copy filtered resources.
2017-11-07 14:33:00,275 [Worker-27] INFO  o.e.m.c.i.embedder.EclipseLogger - skip non existing resourceDirectory /Users/Simao/ISEP2017/TP_WebAdvanced_ALL/TP2_PEDRO_NARBONI/jdbcTP2/src/test/resources
2017-11-07 14:33:13,979 [Worker-8] INFO  o.e.m.c.i.embedder.EclipseLogger - Using 'UTF-8' encoding to copy filtered resources.
2017-11-07 14:33:13,982 [Worker-8] INFO  o.e.m.c.i.embedder.EclipseLogger - Copying 1 resource
2017-11-07 14:33:13,984 [Worker-8] INFO  o.e.m.c.i.embedder.EclipseLogger - Using 'UTF-8' encoding to copy filtered resources.
2017-11-07 14:33:13,984 [Worker-8] INFO  o.e.m.c.i.embedder.EclipseLogger - skip non existing resourceDirectory /Users/Simao/ISEP2017/TP_WebAdvanced_ALL/TP2_PEDRO_NARBONI/jdbcTP2/src/test/resources
2017-11-07 14:51:52,230 [Worker-29] INFO  o.e.m.c.i.embedder.EclipseLogger - Using 'UTF-8' encoding to copy filtered resources.
2017-11-07 14:51:52,237 [Worker-29] INFO  o.e.m.c.i.embedder.EclipseLogger - Copying 1 resource
2017-11-07 14:51:52,238 [Worker-29] INFO  o.e.m.c.i.embedder.EclipseLogger - Using 'UTF-8' encoding to copy filtered resources.
2017-11-07 14:51:52,239 [Worker-29] INFO  o.e.m.c.i.embedder.EclipseLogger - skip non existing resourceDirectory /Users/Simao/ISEP2017/TP_WebAdvanced_ALL/TP2_PEDRO_NARBONI/jdbcTP2/src/test/resources
2017-11-07 14:53:39,853 [Worker-32] INFO  o.e.m.c.i.embedder.EclipseLogger - Using 'UTF-8' encoding to copy filtered resources.
2017-11-07 14:53:39,854 [Worker-32] INFO  o.e.m.c.i.embedder.EclipseLogger - Copying 1 resource
2017-11-07 14:53:39,856 [Worker-32] INFO  o.e.m.c.i.embedder.EclipseLogger - Using 'UTF-8' encoding to copy filtered resources.
2017-11-07 14:53:39,856 [Worker-32] INFO  o.e.m.c.i.embedder.EclipseLogger - skip non existing resourceDirectory /Users/Simao/ISEP2017/TP_WebAdvanced_ALL/TP2_PEDRO_NARBONI/jdbcTP2/src/test/resources
2017-11-07 14:54:21,340 [Worker-35] INFO  o.e.m.c.i.embedder.EclipseLogger - Using 'UTF-8' encoding to copy filtered resources.
2017-11-07 14:54:21,342 [Worker-35] INFO  o.e.m.c.i.embedder.EclipseLogger - Copying 1 resource
2017-11-07 14:54:21,344 [Worker-35] INFO  o.e.m.c.i.embedder.EclipseLogger - Using 'UTF-8' encoding to copy filtered resources.
2017-11-07 14:54:21,344 [Worker-35] INFO  o.e.m.c.i.embedder.EclipseLogger - skip non existing resourceDirectory /Users/Simao/ISEP2017/TP_WebAdvanced_ALL/TP2_PEDRO_NARBONI/jdbcTP2/src/test/resources
2017-11-07 14:57:34,752 [Worker-34] INFO  o.e.m.c.i.embedder.EclipseLogger - Using 'UTF-8' encoding to copy filtered resources.
2017-11-07 14:57:34,753 [Worker-34] INFO  o.e.m.c.i.embedder.EclipseLogger - Copying 1 resource
2017-11-07 14:57:34,755 [Worker-34] INFO  o.e.m.c.i.embedder.EclipseLogger - Using 'UTF-8' encoding to copy filtered resources.
2017-11-07 14:57:34,755 [Worker-34] INFO  o.e.m.c.i.embedder.EclipseLogger - skip non existing resourceDirectory /Users/Simao/ISEP2017/TP_WebAdvanced_ALL/TP2_PEDRO_NARBONI/jdbcTP2/src/test/resources
2017-11-07 15:05:57,262 [Worker-37] INFO  o.e.m.c.i.embedder.EclipseLogger - Using 'UTF-8' encoding to copy filtered resources.
2017-11-07 15:05:57,263 [Worker-37] INFO  o.e.m.c.i.embedder.EclipseLogger - Copying 1 resource
2017-11-07 15:05:57,267 [Worker-37] INFO  o.e.m.c.i.embedder.EclipseLogger - Using 'UTF-8' encoding to copy filtered resources.
2017-11-07 15:05:57,267 [Worker-37] INFO  o.e.m.c.i.embedder.EclipseLogger - skip non existing resourceDirectory /Users/Simao/ISEP2017/TP_WebAdvanced_ALL/TP2_PEDRO_NARBONI/jdbcTP2/src/test/resources
2017-11-07 15:06:58,758 [Worker-38] INFO  o.e.m.c.i.embedder.EclipseLogger - Using 'UTF-8' encoding to copy filtered resources.
2017-11-07 15:06:58,759 [Worker-38] INFO  o.e.m.c.i.embedder.EclipseLogger - Copying 1 resource
2017-11-07 15:06:58,761 [Worker-38] INFO  o.e.m.c.i.embedder.EclipseLogger - Using 'UTF-8' encoding to copy filtered resources.
2017-11-07 15:06:58,761 [Worker-38] INFO  o.e.m.c.i.embedder.EclipseLogger - skip non existing resourceDirectory /Users/Simao/ISEP2017/TP_WebAdvanced_ALL/TP2_PEDRO_NARBONI/jdbcTP2/src/test/resources
2017-11-07 15:19:28,663 [Worker-40] INFO  o.e.m.c.i.embedder.EclipseLogger - Using 'UTF-8' encoding to copy filtered resources.
2017-11-07 15:19:28,665 [Worker-40] INFO  o.e.m.c.i.embedder.EclipseLogger - Copying 1 resource
2017-11-07 15:19:28,667 [Worker-40] INFO  o.e.m.c.i.embedder.EclipseLogger - Using 'UTF-8' encoding to copy filtered resources.
2017-11-07 15:19:28,667 [Worker-40] INFO  o.e.m.c.i.embedder.EclipseLogger - skip non existing resourceDirectory /Users/Simao/ISEP2017/TP_WebAdvanced_ALL/TP2_PEDRO_NARBONI/jdbcTP2/src/test/resources
2017-11-07 15:25:31,541 [Worker-44] INFO  o.e.m.c.i.embedder.EclipseLogger - Using 'UTF-8' encoding to copy filtered resources.
2017-11-07 15:25:31,545 [Worker-44] INFO  o.e.m.c.i.embedder.EclipseLogger - Copying 1 resource
2017-11-07 15:25:31,547 [Worker-44] INFO  o.e.m.c.i.embedder.EclipseLogger - Using 'UTF-8' encoding to copy filtered resources.
2017-11-07 15:25:31,547 [Worker-44] INFO  o.e.m.c.i.embedder.EclipseLogger - skip non existing resourceDirectory /Users/Simao/ISEP2017/TP_WebAdvanced_ALL/TP2_PEDRO_NARBONI/jdbcTP2/src/test/resources
2017-11-07 15:31:10,141 [Worker-40] INFO  o.e.m.c.i.embedder.EclipseLogger - Using 'UTF-8' encoding to copy filtered resources.
2017-11-07 15:31:10,144 [Worker-40] INFO  o.e.m.c.i.embedder.EclipseLogger - Copying 1 resource
2017-11-07 15:31:10,146 [Worker-40] INFO  o.e.m.c.i.embedder.EclipseLogger - Using 'UTF-8' encoding to copy filtered resources.
2017-11-07 15:31:10,146 [Worker-40] INFO  o.e.m.c.i.embedder.EclipseLogger - skip non existing resourceDirectory /Users/Simao/ISEP2017/TP_WebAdvanced_ALL/TP2_PEDRO_NARBONI/jdbcTP2/src/test/resources
2017-11-07 15:32:45,210 [Worker-43] INFO  o.e.m.c.i.embedder.EclipseLogger - Using 'UTF-8' encoding to copy filtered resources.
2017-11-07 15:32:45,215 [Worker-43] INFO  o.e.m.c.i.embedder.EclipseLogger - Copying 1 resource
2017-11-07 15:32:45,219 [Worker-43] INFO  o.e.m.c.i.embedder.EclipseLogger - Using 'UTF-8' encoding to copy filtered resources.
2017-11-07 15:32:45,219 [Worker-43] INFO  o.e.m.c.i.embedder.EclipseLogger - skip non existing resourceDirectory /Users/Simao/ISEP2017/TP_WebAdvanced_ALL/TP2_PEDRO_NARBONI/jdbcTP2/src/test/resources
2017-11-07 15:33:29,267 [Worker-40] INFO  o.e.m.c.i.embedder.EclipseLogger - Using 'UTF-8' encoding to copy filtered resources.
2017-11-07 15:33:29,268 [Worker-40] INFO  o.e.m.c.i.embedder.EclipseLogger - Copying 1 resource
2017-11-07 15:33:29,269 [Worker-40] INFO  o.e.m.c.i.embedder.EclipseLogger - Using 'UTF-8' encoding to copy filtered resources.
2017-11-07 15:33:29,269 [Worker-40] INFO  o.e.m.c.i.embedder.EclipseLogger - skip non existing resourceDirectory /Users/Simao/ISEP2017/TP_WebAdvanced_ALL/TP2_PEDRO_NARBONI/jdbcTP2/src/test/resources
2017-11-07 15:34:22,150 [Worker-42] INFO  o.e.m.c.i.embedder.EclipseLogger - Using 'UTF-8' encoding to copy filtered resources.
2017-11-07 15:34:22,151 [Worker-42] INFO  o.e.m.c.i.embedder.EclipseLogger - Copying 1 resource
2017-11-07 15:34:22,153 [Worker-42] INFO  o.e.m.c.i.embedder.EclipseLogger - Using 'UTF-8' encoding to copy filtered resources.
2017-11-07 15:34:22,153 [Worker-42] INFO  o.e.m.c.i.embedder.EclipseLogger - skip non existing resourceDirectory /Users/Simao/ISEP2017/TP_WebAdvanced_ALL/TP2_PEDRO_NARBONI/jdbcTP2/src/test/resources
2017-11-07 15:35:10,630 [Worker-42] INFO  o.e.m.c.i.embedder.EclipseLogger - Using 'UTF-8' encoding to copy filtered resources.
2017-11-07 15:35:10,631 [Worker-42] INFO  o.e.m.c.i.embedder.EclipseLogger - Copying 1 resource
2017-11-07 15:35:10,634 [Worker-42] INFO  o.e.m.c.i.embedder.EclipseLogger - Using 'UTF-8' encoding to copy filtered resources.
2017-11-07 15:35:10,634 [Worker-42] INFO  o.e.m.c.i.embedder.EclipseLogger - skip non existing resourceDirectory /Users/Simao/ISEP2017/TP_WebAdvanced_ALL/TP2_PEDRO_NARBONI/jdbcTP2/src/test/resources
2017-11-07 15:36:10,218 [Worker-42] INFO  o.e.m.c.i.embedder.EclipseLogger - Using 'UTF-8' encoding to copy filtered resources.
2017-11-07 15:36:10,218 [Worker-42] INFO  o.e.m.c.i.embedder.EclipseLogger - Copying 1 resource
2017-11-07 15:36:10,220 [Worker-42] INFO  o.e.m.c.i.embedder.EclipseLogger - Using 'UTF-8' encoding to copy filtered resources.
2017-11-07 15:36:10,220 [Worker-42] INFO  o.e.m.c.i.embedder.EclipseLogger - skip non existing resourceDirectory /Users/Simao/ISEP2017/TP_WebAdvanced_ALL/TP2_PEDRO_NARBONI/jdbcTP2/src/test/resources
2017-11-07 15:39:11,498 [Worker-43] INFO  o.e.m.c.i.embedder.EclipseLogger - Using 'UTF-8' encoding to copy filtered resources.
2017-11-07 15:39:11,499 [Worker-43] INFO  o.e.m.c.i.embedder.EclipseLogger - Copying 1 resource
2017-11-07 15:39:11,500 [Worker-43] INFO  o.e.m.c.i.embedder.EclipseLogger - Using 'UTF-8' encoding to copy filtered resources.
2017-11-07 15:39:11,500 [Worker-43] INFO  o.e.m.c.i.embedder.EclipseLogger - skip non existing resourceDirectory /Users/Simao/ISEP2017/TP_WebAdvanced_ALL/TP2_PEDRO_NARBONI/jdbcTP2/src/test/resources
2017-11-07 15:39:52,993 [Worker-40] INFO  o.e.m.c.i.embedder.EclipseLogger - Using 'UTF-8' encoding to copy filtered resources.
2017-11-07 15:39:52,994 [Worker-40] INFO  o.e.m.c.i.embedder.EclipseLogger - Copying 1 resource
2017-11-07 15:39:53,022 [Worker-40] INFO  o.e.m.c.i.embedder.EclipseLogger - Using 'UTF-8' encoding to copy filtered resources.
2017-11-07 15:39:53,022 [Worker-40] INFO  o.e.m.c.i.embedder.EclipseLogger - skip non existing resourceDirectory /Users/Simao/ISEP2017/TP_WebAdvanced_ALL/TP2_PEDRO_NARBONI/jdbcTP2/src/test/resources
2017-11-07 15:41:23,090 [Worker-44] INFO  o.e.m.c.i.embedder.EclipseLogger - Using 'UTF-8' encoding to copy filtered resources.
2017-11-07 15:41:23,091 [Worker-44] INFO  o.e.m.c.i.embedder.EclipseLogger - Copying 1 resource
2017-11-07 15:41:23,092 [Worker-44] INFO  o.e.m.c.i.embedder.EclipseLogger - Using 'UTF-8' encoding to copy filtered resources.
2017-11-07 15:41:23,092 [Worker-44] INFO  o.e.m.c.i.embedder.EclipseLogger - skip non existing resourceDirectory /Users/Simao/ISEP2017/TP_WebAdvanced_ALL/TP2_PEDRO_NARBONI/jdbcTP2/src/test/resources
2017-11-07 15:44:58,814 [Worker-47] INFO  o.e.m.c.i.embedder.EclipseLogger - Using 'UTF-8' encoding to copy filtered resources.
2017-11-07 15:44:58,815 [Worker-47] INFO  o.e.m.c.i.embedder.EclipseLogger - Copying 1 resource
2017-11-07 15:44:58,818 [Worker-47] INFO  o.e.m.c.i.embedder.EclipseLogger - Using 'UTF-8' encoding to copy filtered resources.
2017-11-07 15:44:58,818 [Worker-47] INFO  o.e.m.c.i.embedder.EclipseLogger - skip non existing resourceDirectory /Users/Simao/ISEP2017/TP_WebAdvanced_ALL/TP2_PEDRO_NARBONI/jdbcTP2/src/test/resources
2017-11-07 15:45:11,316 [Worker-48] INFO  o.e.m.c.i.embedder.EclipseLogger - Using 'UTF-8' encoding to copy filtered resources.
2017-11-07 15:45:11,317 [Worker-48] INFO  o.e.m.c.i.embedder.EclipseLogger - Copying 1 resource
2017-11-07 15:45:11,319 [Worker-48] INFO  o.e.m.c.i.embedder.EclipseLogger - Using 'UTF-8' encoding to copy filtered resources.
2017-11-07 15:45:11,319 [Worker-48] INFO  o.e.m.c.i.embedder.EclipseLogger - skip non existing resourceDirectory /Users/Simao/ISEP2017/TP_WebAdvanced_ALL/TP2_PEDRO_NARBONI/jdbcTP2/src/test/resources
2017-11-07 15:56:10,951 [Worker-50] INFO  o.e.m.c.i.embedder.EclipseLogger - Using 'UTF-8' encoding to copy filtered resources.
2017-11-07 15:56:10,953 [Worker-50] INFO  o.e.m.c.i.embedder.EclipseLogger - Copying 1 resource
2017-11-07 15:56:10,955 [Worker-50] INFO  o.e.m.c.i.embedder.EclipseLogger - Using 'UTF-8' encoding to copy filtered resources.
2017-11-07 15:56:10,955 [Worker-50] INFO  o.e.m.c.i.embedder.EclipseLogger - skip non existing resourceDirectory /Users/Simao/ISEP2017/TP_WebAdvanced_ALL/TP2_PEDRO_NARBONI/jdbcTP2/src/test/resources
2017-11-07 15:56:13,232 [Worker-47] INFO  o.e.m.c.i.embedder.EclipseLogger - Using 'UTF-8' encoding to copy filtered resources.
2017-11-07 15:56:13,233 [Worker-47] INFO  o.e.m.c.i.embedder.EclipseLogger - Copying 1 resource
2017-11-07 15:56:13,234 [Worker-47] INFO  o.e.m.c.i.embedder.EclipseLogger - Using 'UTF-8' encoding to copy filtered resources.
2017-11-07 15:56:13,234 [Worker-47] INFO  o.e.m.c.i.embedder.EclipseLogger - skip non existing resourceDirectory /Users/Simao/ISEP2017/TP_WebAdvanced_ALL/TP2_PEDRO_NARBONI/jdbcTP2/src/test/resources
2017-11-07 15:57:04,691 [Worker-47] INFO  o.e.m.c.i.embedder.EclipseLogger - Using 'UTF-8' encoding to copy filtered resources.
2017-11-07 15:57:04,693 [Worker-47] INFO  o.e.m.c.i.embedder.EclipseLogger - Copying 1 resource
2017-11-07 15:57:04,696 [Worker-47] INFO  o.e.m.c.i.embedder.EclipseLogger - Using 'UTF-8' encoding to copy filtered resources.
2017-11-07 15:57:04,696 [Worker-47] INFO  o.e.m.c.i.embedder.EclipseLogger - skip non existing resourceDirectory /Users/Simao/ISEP2017/TP_WebAdvanced_ALL/TP2_PEDRO_NARBONI/jdbcTP2/src/test/resources
2017-11-07 15:58:31,779 [Worker-54] INFO  o.e.m.c.i.embedder.EclipseLogger - Using 'UTF-8' encoding to copy filtered resources.
2017-11-07 15:58:31,780 [Worker-54] INFO  o.e.m.c.i.embedder.EclipseLogger - Copying 1 resource
2017-11-07 15:58:31,781 [Worker-54] INFO  o.e.m.c.i.embedder.EclipseLogger - Using 'UTF-8' encoding to copy filtered resources.
2017-11-07 15:58:31,781 [Worker-54] INFO  o.e.m.c.i.embedder.EclipseLogger - skip non existing resourceDirectory /Users/Simao/ISEP2017/TP_WebAdvanced_ALL/TP2_PEDRO_NARBONI/jdbcTP2/src/test/resources
2017-11-07 15:58:56,345 [Worker-52] INFO  o.e.m.c.i.embedder.EclipseLogger - Using 'UTF-8' encoding to copy filtered resources.
2017-11-07 15:58:56,345 [Worker-52] INFO  o.e.m.c.i.embedder.EclipseLogger - Copying 1 resource
2017-11-07 15:58:56,347 [Worker-52] INFO  o.e.m.c.i.embedder.EclipseLogger - Using 'UTF-8' encoding to copy filtered resources.
2017-11-07 15:58:56,347 [Worker-52] INFO  o.e.m.c.i.embedder.EclipseLogger - skip non existing resourceDirectory /Users/Simao/ISEP2017/TP_WebAdvanced_ALL/TP2_PEDRO_NARBONI/jdbcTP2/src/test/resources
2017-11-07 16:01:58,552 [Worker-51] INFO  o.e.m.c.i.embedder.EclipseLogger - Using 'UTF-8' encoding to copy filtered resources.
2017-11-07 16:01:58,554 [Worker-51] INFO  o.e.m.c.i.embedder.EclipseLogger - Copying 1 resource
2017-11-07 16:01:58,555 [Worker-51] INFO  o.e.m.c.i.embedder.EclipseLogger - Using 'UTF-8' encoding to copy filtered resources.
2017-11-07 16:01:58,555 [Worker-51] INFO  o.e.m.c.i.embedder.EclipseLogger - skip non existing resourceDirectory /Users/Simao/ISEP2017/TP_WebAdvanced_ALL/TP2_PEDRO_NARBONI/jdbcTP2/src/test/resources
2017-11-07 16:03:49,530 [Worker-53] INFO  o.e.m.c.i.embedder.EclipseLogger - Using 'UTF-8' encoding to copy filtered resources.
2017-11-07 16:03:49,531 [Worker-53] INFO  o.e.m.c.i.embedder.EclipseLogger - Copying 1 resource
2017-11-07 16:03:49,533 [Worker-53] INFO  o.e.m.c.i.embedder.EclipseLogger - Using 'UTF-8' encoding to copy filtered resources.
2017-11-07 16:03:49,534 [Worker-53] INFO  o.e.m.c.i.embedder.EclipseLogger - skip non existing resourceDirectory /Users/Simao/ISEP2017/TP_WebAdvanced_ALL/TP2_PEDRO_NARBONI/jdbcTP2/src/test/resources
2017-11-07 16:12:23,943 [Worker-54] INFO  o.e.m.c.i.embedder.EclipseLogger - Using 'UTF-8' encoding to copy filtered resources.
2017-11-07 16:12:23,944 [Worker-54] INFO  o.e.m.c.i.embedder.EclipseLogger - Copying 1 resource
2017-11-07 16:12:23,946 [Worker-54] INFO  o.e.m.c.i.embedder.EclipseLogger - Using 'UTF-8' encoding to copy filtered resources.
2017-11-07 16:12:23,946 [Worker-54] INFO  o.e.m.c.i.embedder.EclipseLogger - skip non existing resourceDirectory /Users/Simao/ISEP2017/TP_WebAdvanced_ALL/TP2_PEDRO_NARBONI/jdbcTP2/src/test/resources
2017-11-07 16:16:43,764 [Worker-54] INFO  o.e.m.c.i.embedder.EclipseLogger - Using 'UTF-8' encoding to copy filtered resources.
2017-11-07 16:16:43,765 [Worker-54] INFO  o.e.m.c.i.embedder.EclipseLogger - Copying 1 resource
2017-11-07 16:16:43,767 [Worker-54] INFO  o.e.m.c.i.embedder.EclipseLogger - Using 'UTF-8' encoding to copy filtered resources.
2017-11-07 16:16:43,767 [Worker-54] INFO  o.e.m.c.i.embedder.EclipseLogger - skip non existing resourceDirectory /Users/Simao/ISEP2017/TP_WebAdvanced_ALL/TP2_PEDRO_NARBONI/jdbcTP2/src/test/resources
2017-11-07 16:17:18,296 [Worker-55] INFO  o.e.m.c.i.embedder.EclipseLogger - Using 'UTF-8' encoding to copy filtered resources.
2017-11-07 16:17:18,308 [Worker-55] INFO  o.e.m.c.i.embedder.EclipseLogger - Copying 1 resource
2017-11-07 16:17:18,309 [Worker-55] INFO  o.e.m.c.i.embedder.EclipseLogger - Using 'UTF-8' encoding to copy filtered resources.
2017-11-07 16:17:18,310 [Worker-55] INFO  o.e.m.c.i.embedder.EclipseLogger - skip non existing resourceDirectory /Users/Simao/ISEP2017/TP_WebAdvanced_ALL/TP2_PEDRO_NARBONI/jdbcTP2/src/test/resources
2017-11-07 16:19:15,477 [Worker-51] INFO  o.e.m.c.i.embedder.EclipseLogger - Using 'UTF-8' encoding to copy filtered resources.
2017-11-07 16:19:15,478 [Worker-51] INFO  o.e.m.c.i.embedder.EclipseLogger - Copying 1 resource
2017-11-07 16:19:15,479 [Worker-51] INFO  o.e.m.c.i.embedder.EclipseLogger - Using 'UTF-8' encoding to copy filtered resources.
2017-11-07 16:19:15,480 [Worker-51] INFO  o.e.m.c.i.embedder.EclipseLogger - skip non existing resourceDirectory /Users/Simao/ISEP2017/TP_WebAdvanced_ALL/TP2_PEDRO_NARBONI/jdbcTP2/src/test/resources
2017-11-07 16:19:51,228 [Worker-51] INFO  o.e.m.c.i.embedder.EclipseLogger - Using 'UTF-8' encoding to copy filtered resources.
2017-11-07 16:19:51,229 [Worker-51] INFO  o.e.m.c.i.embedder.EclipseLogger - Copying 1 resource
2017-11-07 16:19:51,230 [Worker-51] INFO  o.e.m.c.i.embedder.EclipseLogger - Using 'UTF-8' encoding to copy filtered resources.
2017-11-07 16:19:51,230 [Worker-51] INFO  o.e.m.c.i.embedder.EclipseLogger - skip non existing resourceDirectory /Users/Simao/ISEP2017/TP_WebAdvanced_ALL/TP2_PEDRO_NARBONI/jdbcTP2/src/test/resources
2017-11-07 16:24:53,953 [Worker-61] INFO  o.e.m.c.i.embedder.EclipseLogger - Using 'UTF-8' encoding to copy filtered resources.
2017-11-07 16:24:53,953 [Worker-61] INFO  o.e.m.c.i.embedder.EclipseLogger - Copying 1 resource
2017-11-07 16:24:53,955 [Worker-61] INFO  o.e.m.c.i.embedder.EclipseLogger - Using 'UTF-8' encoding to copy filtered resources.
2017-11-07 16:24:53,956 [Worker-61] INFO  o.e.m.c.i.embedder.EclipseLogger - skip non existing resourceDirectory /Users/Simao/ISEP2017/TP_WebAdvanced_ALL/TP2_PEDRO_NARBONI/jdbcTP2/src/test/resources
2017-11-07 16:28:53,854 [Worker-51] INFO  o.e.m.c.i.embedder.EclipseLogger - Using 'UTF-8' encoding to copy filtered resources.
2017-11-07 16:28:53,856 [Worker-51] INFO  o.e.m.c.i.embedder.EclipseLogger - Copying 1 resource
2017-11-07 16:28:53,857 [Worker-51] INFO  o.e.m.c.i.embedder.EclipseLogger - Using 'UTF-8' encoding to copy filtered resources.
2017-11-07 16:28:53,857 [Worker-51] INFO  o.e.m.c.i.embedder.EclipseLogger - skip non existing resourceDirectory /Users/Simao/ISEP2017/TP_WebAdvanced_ALL/TP2_PEDRO_NARBONI/jdbcTP2/src/test/resources
2017-11-07 16:34:14,873 [Worker-64] INFO  o.e.m.c.i.embedder.EclipseLogger - Using 'UTF-8' encoding to copy filtered resources.
2017-11-07 16:34:14,883 [Worker-64] INFO  o.e.m.c.i.embedder.EclipseLogger - Copying 1 resource
2017-11-07 16:34:14,891 [Worker-64] INFO  o.e.m.c.i.embedder.EclipseLogger - Using 'UTF-8' encoding to copy filtered resources.
2017-11-07 16:34:14,891 [Worker-64] INFO  o.e.m.c.i.embedder.EclipseLogger - skip non existing resourceDirectory /Users/Simao/ISEP2017/TP_WebAdvanced_ALL/TP2_PEDRO_NARBONI/jdbcTP2/src/test/resources
2017-11-07 16:35:46,738 [Worker-51] INFO  o.e.m.c.i.embedder.EclipseLogger - Using 'UTF-8' encoding to copy filtered resources.
2017-11-07 16:35:46,739 [Worker-51] INFO  o.e.m.c.i.embedder.EclipseLogger - Copying 1 resource
2017-11-07 16:35:46,740 [Worker-51] INFO  o.e.m.c.i.embedder.EclipseLogger - Using 'UTF-8' encoding to copy filtered resources.
2017-11-07 16:35:46,741 [Worker-51] INFO  o.e.m.c.i.embedder.EclipseLogger - skip non existing resourceDirectory /Users/Simao/ISEP2017/TP_WebAdvanced_ALL/TP2_PEDRO_NARBONI/jdbcTP2/src/test/resources
2017-11-07 16:36:56,637 [Worker-66] INFO  o.e.m.c.i.embedder.EclipseLogger - Using 'UTF-8' encoding to copy filtered resources.
2017-11-07 16:36:56,637 [Worker-66] INFO  o.e.m.c.i.embedder.EclipseLogger - Copying 1 resource
2017-11-07 16:36:56,640 [Worker-66] INFO  o.e.m.c.i.embedder.EclipseLogger - Using 'UTF-8' encoding to copy filtered resources.
2017-11-07 16:36:56,640 [Worker-66] INFO  o.e.m.c.i.embedder.EclipseLogger - skip non existing resourceDirectory /Users/Simao/ISEP2017/TP_WebAdvanced_ALL/TP2_PEDRO_NARBONI/jdbcTP2/src/test/resources
2017-11-07 16:42:14,511 [Worker-51] INFO  o.e.m.c.i.embedder.EclipseLogger - Using 'UTF-8' encoding to copy filtered resources.
2017-11-07 16:42:14,514 [Worker-51] INFO  o.e.m.c.i.embedder.EclipseLogger - Copying 1 resource
2017-11-07 16:42:14,515 [Worker-51] INFO  o.e.m.c.i.embedder.EclipseLogger - Using 'UTF-8' encoding to copy filtered resources.
2017-11-07 16:42:14,515 [Worker-51] INFO  o.e.m.c.i.embedder.EclipseLogger - skip non existing resourceDirectory /Users/Simao/ISEP2017/TP_WebAdvanced_ALL/TP2_PEDRO_NARBONI/jdbcTP2/src/test/resources
2017-11-07 16:52:25,080 [Worker-70] INFO  o.e.m.c.i.embedder.EclipseLogger - Using 'UTF-8' encoding to copy filtered resources.
2017-11-07 16:52:25,080 [Worker-70] INFO  o.e.m.c.i.embedder.EclipseLogger - Copying 1 resource
2017-11-07 16:52:25,082 [Worker-70] INFO  o.e.m.c.i.embedder.EclipseLogger - Using 'UTF-8' encoding to copy filtered resources.
2017-11-07 16:52:25,082 [Worker-70] INFO  o.e.m.c.i.embedder.EclipseLogger - skip non existing resourceDirectory /Users/Simao/ISEP2017/TP_WebAdvanced_ALL/TP2_PEDRO_NARBONI/jdbcTP2/src/test/resources
2017-11-07 17:21:42,364 [Worker-76] INFO  o.e.m.c.i.embedder.EclipseLogger - Using 'UTF-8' encoding to copy filtered resources.
2017-11-07 17:21:42,366 [Worker-76] INFO  o.e.m.c.i.embedder.EclipseLogger - Copying 1 resource
2017-11-07 17:21:42,368 [Worker-76] INFO  o.e.m.c.i.embedder.EclipseLogger - Using 'UTF-8' encoding to copy filtered resources.
2017-11-07 17:21:42,368 [Worker-76] INFO  o.e.m.c.i.embedder.EclipseLogger - skip non existing resourceDirectory /Users/Simao/ISEP2017/TP_WebAdvanced_ALL/TP2_PEDRO_NARBONI/jdbcTP2/src/test/resources
2017-11-07 17:22:07,005 [Worker-77] INFO  o.e.m.c.i.embedder.EclipseLogger - Using 'UTF-8' encoding to copy filtered resources.
2017-11-07 17:22:07,006 [Worker-77] INFO  o.e.m.c.i.embedder.EclipseLogger - Copying 1 resource
2017-11-07 17:22:07,007 [Worker-77] INFO  o.e.m.c.i.embedder.EclipseLogger - Using 'UTF-8' encoding to copy filtered resources.
2017-11-07 17:22:07,007 [Worker-77] INFO  o.e.m.c.i.embedder.EclipseLogger - skip non existing resourceDirectory /Users/Simao/ISEP2017/TP_WebAdvanced_ALL/TP2_PEDRO_NARBONI/jdbcTP2/src/test/resources
2017-11-07 17:23:12,539 [Worker-73] INFO  o.e.m.c.i.embedder.EclipseLogger - Using 'UTF-8' encoding to copy filtered resources.
2017-11-07 17:23:12,539 [Worker-73] INFO  o.e.m.c.i.embedder.EclipseLogger - Copying 1 resource
2017-11-07 17:23:12,540 [Worker-73] INFO  o.e.m.c.i.embedder.EclipseLogger - Using 'UTF-8' encoding to copy filtered resources.
2017-11-07 17:23:12,541 [Worker-73] INFO  o.e.m.c.i.embedder.EclipseLogger - skip non existing resourceDirectory /Users/Simao/ISEP2017/TP_WebAdvanced_ALL/TP2_PEDRO_NARBONI/jdbcTP2/src/test/resources
2017-11-07 17:24:59,536 [Worker-76] INFO  o.e.m.c.i.embedder.EclipseLogger - Using 'UTF-8' encoding to copy filtered resources.
2017-11-07 17:24:59,536 [Worker-76] INFO  o.e.m.c.i.embedder.EclipseLogger - Copying 1 resource
2017-11-07 17:24:59,538 [Worker-76] INFO  o.e.m.c.i.embedder.EclipseLogger - Using 'UTF-8' encoding to copy filtered resources.
2017-11-07 17:24:59,538 [Worker-76] INFO  o.e.m.c.i.embedder.EclipseLogger - skip non existing resourceDirectory /Users/Simao/ISEP2017/TP_WebAdvanced_ALL/TP2_PEDRO_NARBONI/jdbcTP2/src/test/resources
2017-11-07 17:27:07,102 [Worker-73] INFO  o.e.m.c.i.embedder.EclipseLogger - Using 'UTF-8' encoding to copy filtered resources.
2017-11-07 17:27:07,103 [Worker-73] INFO  o.e.m.c.i.embedder.EclipseLogger - Copying 1 resource
2017-11-07 17:27:07,104 [Worker-73] INFO  o.e.m.c.i.embedder.EclipseLogger - Using 'UTF-8' encoding to copy filtered resources.
2017-11-07 17:27:07,104 [Worker-73] INFO  o.e.m.c.i.embedder.EclipseLogger - skip non existing resourceDirectory /Users/Simao/ISEP2017/TP_WebAdvanced_ALL/TP2_PEDRO_NARBONI/jdbcTP2/src/test/resources
2017-11-07 17:27:53,320 [Worker-73] INFO  o.e.m.c.i.embedder.EclipseLogger - Using 'UTF-8' encoding to copy filtered resources.
2017-11-07 17:27:53,320 [Worker-73] INFO  o.e.m.c.i.embedder.EclipseLogger - Copying 1 resource
2017-11-07 17:27:53,321 [Worker-73] INFO  o.e.m.c.i.embedder.EclipseLogger - Using 'UTF-8' encoding to copy filtered resources.
2017-11-07 17:27:53,321 [Worker-73] INFO  o.e.m.c.i.embedder.EclipseLogger - skip non existing resourceDirectory /Users/Simao/ISEP2017/TP_WebAdvanced_ALL/TP2_PEDRO_NARBONI/jdbcTP2/src/test/resources
2017-11-07 17:34:35,312 [Worker-39] INFO  o.e.m.c.i.embedder.EclipseLogger - Using 'UTF-8' encoding to copy filtered resources.
2017-11-07 17:34:35,313 [Worker-39] INFO  o.e.m.c.i.embedder.EclipseLogger - Copying 1 resource
2017-11-07 17:34:35,313 [Worker-39] INFO  o.e.m.c.i.embedder.EclipseLogger - Using 'UTF-8' encoding to copy filtered resources.
2017-11-07 17:34:35,314 [Worker-39] INFO  o.e.m.c.i.embedder.EclipseLogger - skip non existing resourceDirectory /Users/Simao/ISEP2017/TP_WebAdvanced_ALL/TP2_PEDRO_NARBONI/jdbcTP2/src/test/resources
2017-11-07 17:37:45,175 [Worker-50] INFO  o.e.m.c.i.embedder.EclipseLogger - Using 'UTF-8' encoding to copy filtered resources.
2017-11-07 17:37:45,175 [Worker-50] INFO  o.e.m.c.i.embedder.EclipseLogger - Copying 1 resource
2017-11-07 17:37:45,176 [Worker-50] INFO  o.e.m.c.i.embedder.EclipseLogger - Using 'UTF-8' encoding to copy filtered resources.
2017-11-07 17:37:45,176 [Worker-50] INFO  o.e.m.c.i.embedder.EclipseLogger - skip non existing resourceDirectory /Users/Simao/ISEP2017/TP_WebAdvanced_ALL/TP2_PEDRO_NARBONI/jdbcTP2/src/test/resources
2017-11-07 17:39:47,333 [Worker-72] INFO  o.e.m.c.i.embedder.EclipseLogger - Using 'UTF-8' encoding to copy filtered resources.
2017-11-07 17:39:47,334 [Worker-72] INFO  o.e.m.c.i.embedder.EclipseLogger - Copying 1 resource
2017-11-07 17:39:47,335 [Worker-72] INFO  o.e.m.c.i.embedder.EclipseLogger - Using 'UTF-8' encoding to copy filtered resources.
2017-11-07 17:39:47,335 [Worker-72] INFO  o.e.m.c.i.embedder.EclipseLogger - skip non existing resourceDirectory /Users/Simao/ISEP2017/TP_WebAdvanced_ALL/TP2_PEDRO_NARBONI/jdbcTP2/src/test/resources
2017-11-07 17:40:56,573 [Worker-72] INFO  o.e.m.c.i.embedder.EclipseLogger - Using 'UTF-8' encoding to copy filtered resources.
2017-11-07 17:40:56,574 [Worker-72] INFO  o.e.m.c.i.embedder.EclipseLogger - Copying 1 resource
2017-11-07 17:40:56,575 [Worker-72] INFO  o.e.m.c.i.embedder.EclipseLogger - Using 'UTF-8' encoding to copy filtered resources.
2017-11-07 17:40:56,575 [Worker-72] INFO  o.e.m.c.i.embedder.EclipseLogger - skip non existing resourceDirectory /Users/Simao/ISEP2017/TP_WebAdvanced_ALL/TP2_PEDRO_NARBONI/jdbcTP2/src/test/resources
2017-11-07 17:44:22,473 [Worker-81] INFO  o.e.m.c.i.embedder.EclipseLogger - Using 'UTF-8' encoding to copy filtered resources.
2017-11-07 17:44:22,474 [Worker-81] INFO  o.e.m.c.i.embedder.EclipseLogger - Copying 1 resource
2017-11-07 17:44:22,475 [Worker-81] INFO  o.e.m.c.i.embedder.EclipseLogger - Using 'UTF-8' encoding to copy filtered resources.
2017-11-07 17:44:22,475 [Worker-81] INFO  o.e.m.c.i.embedder.EclipseLogger - skip non existing resourceDirectory /Users/Simao/ISEP2017/TP_WebAdvanced_ALL/TP2_PEDRO_NARBONI/jdbcTP2/src/test/resources
2017-11-07 17:46:43,836 [Worker-50] INFO  o.e.m.c.i.embedder.EclipseLogger - Using 'UTF-8' encoding to copy filtered resources.
2017-11-07 17:46:43,837 [Worker-50] INFO  o.e.m.c.i.embedder.EclipseLogger - Copying 1 resource
2017-11-07 17:46:43,838 [Worker-50] INFO  o.e.m.c.i.embedder.EclipseLogger - Using 'UTF-8' encoding to copy filtered resources.
2017-11-07 17:46:43,839 [Worker-50] INFO  o.e.m.c.i.embedder.EclipseLogger - skip non existing resourceDirectory /Users/Simao/ISEP2017/TP_WebAdvanced_ALL/TP2_PEDRO_NARBONI/jdbcTP2/src/test/resources
2017-11-07 17:50:22,429 [Worker-81] INFO  o.e.m.c.i.embedder.EclipseLogger - Using 'UTF-8' encoding to copy filtered resources.
2017-11-07 17:50:22,431 [Worker-81] INFO  o.e.m.c.i.embedder.EclipseLogger - Copying 1 resource
2017-11-07 17:50:22,433 [Worker-81] INFO  o.e.m.c.i.embedder.EclipseLogger - Using 'UTF-8' encoding to copy filtered resources.
2017-11-07 17:50:22,433 [Worker-81] INFO  o.e.m.c.i.embedder.EclipseLogger - skip non existing resourceDirectory /Users/Simao/ISEP2017/TP_WebAdvanced_ALL/TP2_PEDRO_NARBONI/jdbcTP2/src/test/resources
2017-11-07 18:00:09,168 [Worker-81] INFO  o.e.m.c.i.embedder.EclipseLogger - Using 'UTF-8' encoding to copy filtered resources.
2017-11-07 18:00:09,169 [Worker-81] INFO  o.e.m.c.i.embedder.EclipseLogger - Copying 1 resource
2017-11-07 18:00:09,170 [Worker-81] INFO  o.e.m.c.i.embedder.EclipseLogger - Using 'UTF-8' encoding to copy filtered resources.
2017-11-07 18:00:09,170 [Worker-81] INFO  o.e.m.c.i.embedder.EclipseLogger - skip non existing resourceDirectory /Users/Simao/ISEP2017/TP_WebAdvanced_ALL/TP2_PEDRO_NARBONI/jdbcTP2/src/test/resources
2017-11-07 18:01:06,997 [Worker-88] INFO  o.e.m.c.i.embedder.EclipseLogger - Using 'UTF-8' encoding to copy filtered resources.
2017-11-07 18:01:07,003 [Worker-88] INFO  o.e.m.c.i.embedder.EclipseLogger - Copying 1 resource
2017-11-07 18:01:07,004 [Worker-88] INFO  o.e.m.c.i.embedder.EclipseLogger - Using 'UTF-8' encoding to copy filtered resources.
2017-11-07 18:01:07,004 [Worker-88] INFO  o.e.m.c.i.embedder.EclipseLogger - skip non existing resourceDirectory /Users/Simao/ISEP2017/TP_WebAdvanced_ALL/TP2_PEDRO_NARBONI/jdbcTP2/src/test/resources
2017-11-07 18:01:53,692 [Worker-86] INFO  o.e.m.c.i.embedder.EclipseLogger - Using 'UTF-8' encoding to copy filtered resources.
2017-11-07 18:01:53,692 [Worker-86] INFO  o.e.m.c.i.embedder.EclipseLogger - Copying 1 resource
2017-11-07 18:01:53,693 [Worker-86] INFO  o.e.m.c.i.embedder.EclipseLogger - Using 'UTF-8' encoding to copy filtered resources.
2017-11-07 18:01:53,693 [Worker-86] INFO  o.e.m.c.i.embedder.EclipseLogger - skip non existing resourceDirectory /Users/Simao/ISEP2017/TP_WebAdvanced_ALL/TP2_PEDRO_NARBONI/jdbcTP2/src/test/resources
2017-11-07 18:02:18,467 [Worker-86] INFO  o.e.m.c.i.embedder.EclipseLogger - Using 'UTF-8' encoding to copy filtered resources.
2017-11-07 18:02:18,468 [Worker-86] INFO  o.e.m.c.i.embedder.EclipseLogger - Copying 1 resource
2017-11-07 18:02:18,469 [Worker-86] INFO  o.e.m.c.i.embedder.EclipseLogger - Using 'UTF-8' encoding to copy filtered resources.
2017-11-07 18:02:18,469 [Worker-86] INFO  o.e.m.c.i.embedder.EclipseLogger - skip non existing resourceDirectory /Users/Simao/ISEP2017/TP_WebAdvanced_ALL/TP2_PEDRO_NARBONI/jdbcTP2/src/test/resources
2017-11-07 18:02:43,663 [Worker-81] INFO  o.e.m.c.i.embedder.EclipseLogger - Using 'UTF-8' encoding to copy filtered resources.
2017-11-07 18:02:43,665 [Worker-81] INFO  o.e.m.c.i.embedder.EclipseLogger - Copying 1 resource
2017-11-07 18:02:43,666 [Worker-81] INFO  o.e.m.c.i.embedder.EclipseLogger - Using 'UTF-8' encoding to copy filtered resources.
2017-11-07 18:02:43,666 [Worker-81] INFO  o.e.m.c.i.embedder.EclipseLogger - skip non existing resourceDirectory /Users/Simao/ISEP2017/TP_WebAdvanced_ALL/TP2_PEDRO_NARBONI/jdbcTP2/src/test/resources
2017-11-07 19:36:31,360 [Worker-104] INFO  o.e.m.c.i.embedder.EclipseLogger - Using 'UTF-8' encoding to copy filtered resources.
2017-11-07 19:36:31,363 [Worker-104] INFO  o.e.m.c.i.embedder.EclipseLogger - Copying 1 resource
2017-11-07 19:36:31,364 [Worker-104] INFO  o.e.m.c.i.embedder.EclipseLogger - Using 'UTF-8' encoding to copy filtered resources.
2017-11-07 19:36:31,365 [Worker-104] INFO  o.e.m.c.i.embedder.EclipseLogger - skip non existing resourceDirectory /Users/Simao/ISEP2017/TP_WebAdvanced_ALL/TP2_PEDRO_NARBONI/jdbcTP2/src/test/resources
2017-11-10 13:29:55,937 [Worker-1] INFO  o.e.m.c.i.l.LifecycleMappingFactory - Using org.eclipse.m2e.jdt.JarLifecycleMapping lifecycle mapping for MavenProject: com:jdbcTP2:0.0.1-SNAPSHOT @ /Users/Simao/ISEP2017/TP_WebAdvanced_ALL/TP_WebAdvanced/TP2_PEDRO_NARBONI/jdbcTP2/pom.xml.
2017-11-10 13:29:56,536 [Worker-1] INFO  o.e.m.j.i.AbstractJavaProjectConfigurator - Adding source folder /jdbcTP2/src/main/java
2017-11-10 13:29:56,537 [Worker-1] INFO  o.e.m.j.i.AbstractJavaProjectConfigurator - Adding resource folder /jdbcTP2/src/main/resources
2017-11-10 13:29:56,538 [Worker-1] INFO  o.e.m.j.i.AbstractJavaProjectConfigurator - Adding source folder /jdbcTP2/src/test/java
2017-11-10 13:29:56,668 [Worker-1] INFO  o.e.m.c.i.p.ProjectConfigurationManager - Imported and configured 1 project(s) in 2 sec
2017-11-10 13:29:57,781 [Worker-11] INFO  o.e.m.c.i.embedder.EclipseLogger - Using 'UTF-8' encoding to copy filtered resources.
2017-11-10 13:29:57,786 [Worker-11] INFO  o.e.m.c.i.embedder.EclipseLogger - Copying 1 resource
2017-11-10 13:29:57,796 [Worker-11] INFO  o.e.m.c.i.embedder.EclipseLogger - Using 'UTF-8' encoding to copy filtered resources.
2017-11-10 13:29:57,796 [Worker-11] INFO  o.e.m.c.i.embedder.EclipseLogger - skip non existing resourceDirectory /Users/Simao/ISEP2017/TP_WebAdvanced_ALL/TP_WebAdvanced/TP2_PEDRO_NARBONI/jdbcTP2/src/test/resources
2017-11-10 13:53:21,182 [Worker-20] INFO  o.e.m.c.i.embedder.EclipseLogger - Using 'UTF-8' encoding to copy filtered resources.
2017-11-10 13:53:21,186 [Worker-20] INFO  o.e.m.c.i.embedder.EclipseLogger - Copying 0 resource
2017-11-10 13:53:21,188 [Worker-20] INFO  o.e.m.c.i.embedder.EclipseLogger - Using 'UTF-8' encoding to copy filtered resources.
2017-11-10 13:53:21,188 [Worker-20] INFO  o.e.m.c.i.embedder.EclipseLogger - skip non existing resourceDirectory /Users/Simao/ISEP2017/TP_WebAdvanced_ALL/TP_WebAdvanced/TP2_PEDRO_NARBONI/jdbcTP2/src/test/resources
2017-11-10 14:07:42,636 [Worker-28] INFO  o.e.m.c.i.embedder.EclipseLogger - Using 'UTF-8' encoding to copy filtered resources.
2017-11-10 14:07:42,663 [Worker-28] INFO  o.e.m.c.i.embedder.EclipseLogger - Copying 1 resource
2017-11-10 14:07:42,666 [Worker-28] INFO  o.e.m.c.i.embedder.EclipseLogger - Using 'UTF-8' encoding to copy filtered resources.
2017-11-10 14:07:42,667 [Worker-28] INFO  o.e.m.c.i.embedder.EclipseLogger - skip non existing resourceDirectory /Users/Simao/ISEP2017/TP_WebAdvanced_ALL/TP_WebAdvanced/TP2_PEDRO_NARBONI/jdbcTP2/src/test/resources
2017-11-10 14:08:41,609 [Worker-29] INFO  o.e.m.c.i.e.AbstractTransferListenerAdapter - Downloaded https://repo.maven.apache.org/maven2/mysql/mysql-connector-java/5.1.18/mysql-connector-java-5.1.18-sources.jar
2017-11-10 14:08:41,624 [Worker-29] ERROR o.e.m.j.internal.DownloadSourcesJob - Could not download sources for mysql:mysql-connector-java:5.1.18
org.eclipse.core.runtime.CoreException: Could not resolve artifact mysql:mysql-connector-java:jar:sources:5.1.18
	at org.eclipse.m2e.core.internal.embedder.MavenImpl$5.call(MavenImpl.java:776) ~[org.eclipse.m2e.core_1.7.0.20160603-1933.jar:na]
	at org.eclipse.m2e.core.internal.embedder.MavenImpl$5.call(MavenImpl.java:1) ~[org.eclipse.m2e.core_1.7.0.20160603-1933.jar:na]
	at org.eclipse.m2e.core.internal.embedder.MavenExecutionContext.executeBare(MavenExecutionContext.java:176) [org.eclipse.m2e.core_1.7.0.20160603-1933.jar:na]
	at org.eclipse.m2e.core.internal.embedder.MavenExecutionContext.execute(MavenExecutionContext.java:112) [org.eclipse.m2e.core_1.7.0.20160603-1933.jar:na]
	at org.eclipse.m2e.core.internal.embedder.MavenExecutionContext.execute(MavenExecutionContext.java:99) [org.eclipse.m2e.core_1.7.0.20160603-1933.jar:na]
	at org.eclipse.m2e.core.internal.embedder.MavenImpl.resolve(MavenImpl.java:743) [org.eclipse.m2e.core_1.7.0.20160603-1933.jar:na]
	at org.eclipse.m2e.core.internal.embedder.MavenImpl.resolve(MavenImpl.java:720) [org.eclipse.m2e.core_1.7.0.20160603-1933.jar:na]
	at org.eclipse.m2e.jdt.internal.DownloadSourcesJob.download(DownloadSourcesJob.java:249) [org.eclipse.m2e.jdt_1.7.0.20160603-1933.jar:na]
	at org.eclipse.m2e.jdt.internal.DownloadSourcesJob.downloadAttachments(DownloadSourcesJob.java:228) [org.eclipse.m2e.jdt_1.7.0.20160603-1933.jar:na]
	at org.eclipse.m2e.jdt.internal.DownloadSourcesJob.downloadMaven(DownloadSourcesJob.java:202) [org.eclipse.m2e.jdt_1.7.0.20160603-1933.jar:na]
	at org.eclipse.m2e.jdt.internal.DownloadSourcesJob.run(DownloadSourcesJob.java:153) [org.eclipse.m2e.jdt_1.7.0.20160603-1933.jar:na]
	at org.eclipse.m2e.jdt.internal.DownloadSourcesJob$1.call(DownloadSourcesJob.java:136) [org.eclipse.m2e.jdt_1.7.0.20160603-1933.jar:na]
	at org.eclipse.m2e.jdt.internal.DownloadSourcesJob$1.call(DownloadSourcesJob.java:1) [org.eclipse.m2e.jdt_1.7.0.20160603-1933.jar:na]
	at org.eclipse.m2e.core.internal.embedder.MavenExecutionContext.executeBare(MavenExecutionContext.java:176) [org.eclipse.m2e.core_1.7.0.20160603-1933.jar:na]
	at org.eclipse.m2e.core.internal.embedder.MavenExecutionContext.execute(MavenExecutionContext.java:151) [org.eclipse.m2e.core_1.7.0.20160603-1933.jar:na]
	at org.eclipse.m2e.core.internal.embedder.MavenExecutionContext.execute(MavenExecutionContext.java:99) [org.eclipse.m2e.core_1.7.0.20160603-1933.jar:na]
	at org.eclipse.m2e.core.internal.embedder.MavenImpl.execute(MavenImpl.java:1355) [org.eclipse.m2e.core_1.7.0.20160603-1933.jar:na]
	at org.eclipse.m2e.jdt.internal.DownloadSourcesJob.run(DownloadSourcesJob.java:134) [org.eclipse.m2e.jdt_1.7.0.20160603-1933.jar:na]
	at org.eclipse.core.internal.jobs.Worker.run(Worker.java:55) [org.eclipse.core.jobs_3.8.0.v20160509-0411.jar:na]
2017-11-10 14:08:41,798 [Worker-26] INFO  o.e.m.c.i.embedder.EclipseLogger - Using 'UTF-8' encoding to copy filtered resources.
2017-11-10 14:08:41,799 [Worker-26] INFO  o.e.m.c.i.embedder.EclipseLogger - Copying 0 resource
2017-11-10 14:08:41,800 [Worker-26] INFO  o.e.m.c.i.embedder.EclipseLogger - Using 'UTF-8' encoding to copy filtered resources.
2017-11-10 14:08:41,801 [Worker-26] INFO  o.e.m.c.i.embedder.EclipseLogger - skip non existing resourceDirectory /Users/Simao/ISEP2017/TP_WebAdvanced_ALL/TP_WebAdvanced/TP2_PEDRO_NARBONI/jdbcTP2/src/test/resources
2017-11-10 14:17:23,643 [Worker-21] INFO  o.e.m.c.i.embedder.EclipseLogger - Using 'UTF-8' encoding to copy filtered resources.
2017-11-10 14:17:23,645 [Worker-21] INFO  o.e.m.c.i.embedder.EclipseLogger - Copying 1 resource
2017-11-10 14:17:23,647 [Worker-21] INFO  o.e.m.c.i.embedder.EclipseLogger - Using 'UTF-8' encoding to copy filtered resources.
2017-11-10 14:17:23,647 [Worker-21] INFO  o.e.m.c.i.embedder.EclipseLogger - skip non existing resourceDirectory /Users/Simao/ISEP2017/TP_WebAdvanced_ALL/TP_WebAdvanced/TP2_PEDRO_NARBONI/jdbcTP2/src/test/resources
2017-11-10 14:17:37,770 [Worker-28] INFO  o.e.m.c.i.embedder.EclipseLogger - Using 'UTF-8' encoding to copy filtered resources.
2017-11-10 14:17:37,771 [Worker-28] INFO  o.e.m.c.i.embedder.EclipseLogger - Copying 1 resource
2017-11-10 14:17:37,772 [Worker-28] INFO  o.e.m.c.i.embedder.EclipseLogger - Using 'UTF-8' encoding to copy filtered resources.
2017-11-10 14:17:37,772 [Worker-28] INFO  o.e.m.c.i.embedder.EclipseLogger - skip non existing resourceDirectory /Users/Simao/ISEP2017/TP_WebAdvanced_ALL/TP_WebAdvanced/TP2_PEDRO_NARBONI/jdbcTP2/src/test/resources
2017-11-10 14:20:36,799 [Worker-31] INFO  o.e.m.c.i.embedder.EclipseLogger - Using 'UTF-8' encoding to copy filtered resources.
2017-11-10 14:20:36,800 [Worker-31] INFO  o.e.m.c.i.embedder.EclipseLogger - Copying 1 resource
2017-11-10 14:20:36,802 [Worker-31] INFO  o.e.m.c.i.embedder.EclipseLogger - Using 'UTF-8' encoding to copy filtered resources.
2017-11-10 14:20:36,802 [Worker-31] INFO  o.e.m.c.i.embedder.EclipseLogger - skip non existing resourceDirectory /Users/Simao/ISEP2017/TP_WebAdvanced_ALL/TP_WebAdvanced/TP2_PEDRO_NARBONI/jdbcTP2/src/test/resources
2017-11-10 14:21:05,670 [Worker-30] INFO  o.e.m.c.i.embedder.EclipseLogger - Using 'UTF-8' encoding to copy filtered resources.
2017-11-10 14:21:05,671 [Worker-30] INFO  o.e.m.c.i.embedder.EclipseLogger - Copying 1 resource
2017-11-10 14:21:05,675 [Worker-30] INFO  o.e.m.c.i.embedder.EclipseLogger - Using 'UTF-8' encoding to copy filtered resources.
2017-11-10 14:21:05,675 [Worker-30] INFO  o.e.m.c.i.embedder.EclipseLogger - skip non existing resourceDirectory /Users/Simao/ISEP2017/TP_WebAdvanced_ALL/TP_WebAdvanced/TP2_PEDRO_NARBONI/jdbcTP2/src/test/resources
2017-11-10 14:24:45,263 [Worker-30] INFO  o.e.m.c.i.embedder.EclipseLogger - Using 'UTF-8' encoding to copy filtered resources.
2017-11-10 14:24:45,264 [Worker-30] INFO  o.e.m.c.i.embedder.EclipseLogger - Copying 1 resource
2017-11-10 14:24:45,266 [Worker-30] INFO  o.e.m.c.i.embedder.EclipseLogger - Using 'UTF-8' encoding to copy filtered resources.
2017-11-10 14:24:45,266 [Worker-30] INFO  o.e.m.c.i.embedder.EclipseLogger - skip non existing resourceDirectory /Users/Simao/ISEP2017/TP_WebAdvanced_ALL/TP_WebAdvanced/TP2_PEDRO_NARBONI/jdbcTP2/src/test/resources
2017-11-10 14:24:57,689 [Worker-28] INFO  o.e.m.c.i.embedder.EclipseLogger - Using 'UTF-8' encoding to copy filtered resources.
2017-11-10 14:24:57,689 [Worker-28] INFO  o.e.m.c.i.embedder.EclipseLogger - Copying 1 resource
2017-11-10 14:24:57,690 [Worker-28] INFO  o.e.m.c.i.embedder.EclipseLogger - Using 'UTF-8' encoding to copy filtered resources.
2017-11-10 14:24:57,691 [Worker-28] INFO  o.e.m.c.i.embedder.EclipseLogger - skip non existing resourceDirectory /Users/Simao/ISEP2017/TP_WebAdvanced_ALL/TP_WebAdvanced/TP2_PEDRO_NARBONI/jdbcTP2/src/test/resources
2017-11-10 14:29:56,852 [Worker-28] INFO  o.e.m.c.i.embedder.EclipseLogger - Using 'UTF-8' encoding to copy filtered resources.
2017-11-10 14:29:56,853 [Worker-28] INFO  o.e.m.c.i.embedder.EclipseLogger - Copying 1 resource
2017-11-10 14:29:56,855 [Worker-28] INFO  o.e.m.c.i.embedder.EclipseLogger - Using 'UTF-8' encoding to copy filtered resources.
2017-11-10 14:29:56,855 [Worker-28] INFO  o.e.m.c.i.embedder.EclipseLogger - skip non existing resourceDirectory /Users/Simao/ISEP2017/TP_WebAdvanced_ALL/TP_WebAdvanced/TP2_PEDRO_NARBONI/jdbcTP2/src/test/resources
2017-11-10 14:50:47,381 [Worker-28] INFO  o.e.m.c.i.embedder.EclipseLogger - Using 'UTF-8' encoding to copy filtered resources.
2017-11-10 14:50:47,383 [Worker-28] INFO  o.e.m.c.i.embedder.EclipseLogger - Copying 1 resource
2017-11-10 14:50:47,385 [Worker-28] INFO  o.e.m.c.i.embedder.EclipseLogger - Using 'UTF-8' encoding to copy filtered resources.
2017-11-10 14:50:47,385 [Worker-28] INFO  o.e.m.c.i.embedder.EclipseLogger - skip non existing resourceDirectory /Users/Simao/ISEP2017/TP_WebAdvanced_ALL/TP_WebAdvanced/TP2_PEDRO_NARBONI/jdbcTP2/src/test/resources
2017-11-10 14:51:01,623 [Worker-46] INFO  o.e.m.c.i.embedder.EclipseLogger - Using 'UTF-8' encoding to copy filtered resources.
2017-11-10 14:51:01,624 [Worker-46] INFO  o.e.m.c.i.embedder.EclipseLogger - Copying 1 resource
2017-11-10 14:51:01,626 [Worker-46] INFO  o.e.m.c.i.embedder.EclipseLogger - Using 'UTF-8' encoding to copy filtered resources.
2017-11-10 14:51:01,626 [Worker-46] INFO  o.e.m.c.i.embedder.EclipseLogger - skip non existing resourceDirectory /Users/Simao/ISEP2017/TP_WebAdvanced_ALL/TP_WebAdvanced/TP2_PEDRO_NARBONI/jdbcTP2/src/test/resources
2017-11-10 14:51:18,187 [Worker-45] INFO  o.e.m.c.i.embedder.EclipseLogger - Using 'UTF-8' encoding to copy filtered resources.
2017-11-10 14:51:18,191 [Worker-45] INFO  o.e.m.c.i.embedder.EclipseLogger - Copying 1 resource
2017-11-10 14:51:18,196 [Worker-45] INFO  o.e.m.c.i.embedder.EclipseLogger - Using 'UTF-8' encoding to copy filtered resources.
2017-11-10 14:51:18,197 [Worker-45] INFO  o.e.m.c.i.embedder.EclipseLogger - skip non existing resourceDirectory /Users/Simao/ISEP2017/TP_WebAdvanced_ALL/TP_WebAdvanced/TP2_PEDRO_NARBONI/jdbcTP2/src/test/resources
2017-11-10 14:53:44,647 [Worker-28] INFO  o.e.m.c.i.embedder.EclipseLogger - Using 'UTF-8' encoding to copy filtered resources.
2017-11-10 14:53:44,648 [Worker-28] INFO  o.e.m.c.i.embedder.EclipseLogger - Copying 1 resource
2017-11-10 14:53:44,650 [Worker-28] INFO  o.e.m.c.i.embedder.EclipseLogger - Using 'UTF-8' encoding to copy filtered resources.
2017-11-10 14:53:44,650 [Worker-28] INFO  o.e.m.c.i.embedder.EclipseLogger - skip non existing resourceDirectory /Users/Simao/ISEP2017/TP_WebAdvanced_ALL/TP_WebAdvanced/TP2_PEDRO_NARBONI/jdbcTP2/src/test/resources
2017-11-10 14:53:53,701 [Worker-48] INFO  o.e.m.c.i.embedder.EclipseLogger - Using 'UTF-8' encoding to copy filtered resources.
2017-11-10 14:53:53,702 [Worker-48] INFO  o.e.m.c.i.embedder.EclipseLogger - Copying 1 resource
2017-11-10 14:53:53,705 [Worker-48] INFO  o.e.m.c.i.embedder.EclipseLogger - Using 'UTF-8' encoding to copy filtered resources.
2017-11-10 14:53:53,705 [Worker-48] INFO  o.e.m.c.i.embedder.EclipseLogger - skip non existing resourceDirectory /Users/Simao/ISEP2017/TP_WebAdvanced_ALL/TP_WebAdvanced/TP2_PEDRO_NARBONI/jdbcTP2/src/test/resources
2017-11-10 14:53:58,024 [Worker-51] INFO  o.e.m.c.i.embedder.EclipseLogger - Using 'UTF-8' encoding to copy filtered resources.
2017-11-10 14:53:58,025 [Worker-51] INFO  o.e.m.c.i.embedder.EclipseLogger - Copying 1 resource
2017-11-10 14:53:58,027 [Worker-51] INFO  o.e.m.c.i.embedder.EclipseLogger - Using 'UTF-8' encoding to copy filtered resources.
2017-11-10 14:53:58,028 [Worker-51] INFO  o.e.m.c.i.embedder.EclipseLogger - skip non existing resourceDirectory /Users/Simao/ISEP2017/TP_WebAdvanced_ALL/TP_WebAdvanced/TP2_PEDRO_NARBONI/jdbcTP2/src/test/resources
2017-11-10 14:54:42,060 [Worker-47] INFO  o.e.m.c.i.embedder.EclipseLogger - Using 'UTF-8' encoding to copy filtered resources.
2017-11-10 14:54:42,061 [Worker-47] INFO  o.e.m.c.i.embedder.EclipseLogger - Copying 1 resource
2017-11-10 14:54:42,062 [Worker-47] INFO  o.e.m.c.i.embedder.EclipseLogger - Using 'UTF-8' encoding to copy filtered resources.
2017-11-10 14:54:42,062 [Worker-47] INFO  o.e.m.c.i.embedder.EclipseLogger - skip non existing resourceDirectory /Users/Simao/ISEP2017/TP_WebAdvanced_ALL/TP_WebAdvanced/TP2_PEDRO_NARBONI/jdbcTP2/src/test/resources
2017-11-10 14:54:52,845 [Worker-49] INFO  o.e.m.c.i.embedder.EclipseLogger - Using 'UTF-8' encoding to copy filtered resources.
2017-11-10 14:54:52,852 [Worker-49] INFO  o.e.m.c.i.embedder.EclipseLogger - Copying 1 resource
2017-11-10 14:54:52,854 [Worker-49] INFO  o.e.m.c.i.embedder.EclipseLogger - Using 'UTF-8' encoding to copy filtered resources.
2017-11-10 14:54:52,858 [Worker-49] INFO  o.e.m.c.i.embedder.EclipseLogger - skip non existing resourceDirectory /Users/Simao/ISEP2017/TP_WebAdvanced_ALL/TP_WebAdvanced/TP2_PEDRO_NARBONI/jdbcTP2/src/test/resources
2017-11-10 14:55:46,453 [Worker-51] INFO  o.e.m.c.i.embedder.EclipseLogger - Using 'UTF-8' encoding to copy filtered resources.
2017-11-10 14:55:46,456 [Worker-51] INFO  o.e.m.c.i.embedder.EclipseLogger - Copying 1 resource
2017-11-10 14:55:46,458 [Worker-51] INFO  o.e.m.c.i.embedder.EclipseLogger - Using 'UTF-8' encoding to copy filtered resources.
2017-11-10 14:55:46,458 [Worker-51] INFO  o.e.m.c.i.embedder.EclipseLogger - skip non existing resourceDirectory /Users/Simao/ISEP2017/TP_WebAdvanced_ALL/TP_WebAdvanced/TP2_PEDRO_NARBONI/jdbcTP2/src/test/resources
2017-11-10 14:56:15,478 [Worker-50] INFO  o.e.m.c.i.embedder.EclipseLogger - Using 'UTF-8' encoding to copy filtered resources.
2017-11-10 14:56:15,479 [Worker-50] INFO  o.e.m.c.i.embedder.EclipseLogger - Copying 1 resource
2017-11-10 14:56:15,480 [Worker-50] INFO  o.e.m.c.i.embedder.EclipseLogger - Using 'UTF-8' encoding to copy filtered resources.
2017-11-10 14:56:15,480 [Worker-50] INFO  o.e.m.c.i.embedder.EclipseLogger - skip non existing resourceDirectory /Users/Simao/ISEP2017/TP_WebAdvanced_ALL/TP_WebAdvanced/TP2_PEDRO_NARBONI/jdbcTP2/src/test/resources
2017-11-10 14:58:40,696 [Worker-50] INFO  o.e.m.c.i.l.LifecycleMappingFactory - Using org.eclipse.m2e.jdt.JarLifecycleMapping lifecycle mapping for MavenProject: com:jdbcTP2:0.0.1-SNAPSHOT @ /Users/Simao/ISEP2017/TP_WebAdvanced_ALL/TP_WebAdvanced/TP2_PEDRO_NARBONI/jdbcTP2/pom.xml.
2017-11-10 14:58:41,043 [Worker-50] INFO  o.e.m.c.i.e.AbstractTransferListenerAdapter - Downloading https://repo.maven.apache.org/maven2/org/kohsuke/args4j/args4j-maven-plugin/2.33/args4j-maven-plugin-2.33.pom
2017-11-10 14:58:41,174 [Worker-50] INFO  o.e.m.c.i.e.AbstractTransferListenerAdapter - Downloaded https://repo.maven.apache.org/maven2/org/kohsuke/args4j/args4j-maven-plugin/2.33/args4j-maven-plugin-2.33.pom
2017-11-10 14:58:41,207 [Worker-50] INFO  o.e.m.c.i.e.AbstractTransferListenerAdapter - Downloading https://repo.maven.apache.org/maven2/args4j/args4j-site/2.33/args4j-site-2.33.pom
2017-11-10 14:58:41,238 [Worker-50] INFO  o.e.m.c.i.e.AbstractTransferListenerAdapter - Downloaded https://repo.maven.apache.org/maven2/args4j/args4j-site/2.33/args4j-site-2.33.pom
2017-11-10 14:58:41,272 [Worker-50] INFO  o.e.m.c.i.e.AbstractTransferListenerAdapter - Downloading https://repo.maven.apache.org/maven2/org/kohsuke/pom/14/pom-14.pom
2017-11-10 14:58:41,305 [Worker-50] INFO  o.e.m.c.i.e.AbstractTransferListenerAdapter - Downloaded https://repo.maven.apache.org/maven2/org/kohsuke/pom/14/pom-14.pom
2017-11-10 14:58:41,341 [Worker-50] INFO  o.e.m.c.i.e.AbstractTransferListenerAdapter - Downloading https://repo.maven.apache.org/maven2/args4j/args4j-tools/2.33/args4j-tools-2.33.pom
2017-11-10 14:58:41,371 [Worker-50] INFO  o.e.m.c.i.e.AbstractTransferListenerAdapter - Downloaded https://repo.maven.apache.org/maven2/args4j/args4j-tools/2.33/args4j-tools-2.33.pom
2017-11-10 14:58:41,404 [Worker-50] INFO  o.e.m.c.i.e.AbstractTransferListenerAdapter - Downloading https://repo.maven.apache.org/maven2/args4j/args4j/2.33/args4j-2.33.pom
2017-11-10 14:58:41,433 [Worker-50] INFO  o.e.m.c.i.e.AbstractTransferListenerAdapter - Downloaded https://repo.maven.apache.org/maven2/args4j/args4j/2.33/args4j-2.33.pom
2017-11-10 14:58:41,466 [Worker-50] INFO  o.e.m.c.i.e.AbstractTransferListenerAdapter - Downloading https://repo.maven.apache.org/maven2/org/apache/maven/maven-project/2.0.4/maven-project-2.0.4.pom
2017-11-10 14:58:41,497 [Worker-50] INFO  o.e.m.c.i.e.AbstractTransferListenerAdapter - Downloaded https://repo.maven.apache.org/maven2/org/apache/maven/maven-project/2.0.4/maven-project-2.0.4.pom
2017-11-10 14:58:41,530 [Worker-50] INFO  o.e.m.c.i.e.AbstractTransferListenerAdapter - Downloading https://repo.maven.apache.org/maven2/org/apache/maven/maven/2.0.4/maven-2.0.4.pom
2017-11-10 14:58:41,568 [Worker-50] INFO  o.e.m.c.i.e.AbstractTransferListenerAdapter - Downloaded https://repo.maven.apache.org/maven2/org/apache/maven/maven/2.0.4/maven-2.0.4.pom
2017-11-10 14:58:41,601 [Worker-50] INFO  o.e.m.c.i.e.AbstractTransferListenerAdapter - Downloading https://repo.maven.apache.org/maven2/org/apache/maven/maven-settings/2.0.4/maven-settings-2.0.4.pom
2017-11-10 14:58:41,629 [Worker-50] INFO  o.e.m.c.i.e.AbstractTransferListenerAdapter - Downloaded https://repo.maven.apache.org/maven2/org/apache/maven/maven-settings/2.0.4/maven-settings-2.0.4.pom
2017-11-10 14:58:41,663 [Worker-50] INFO  o.e.m.c.i.e.AbstractTransferListenerAdapter - Downloading https://repo.maven.apache.org/maven2/org/apache/maven/maven-model/2.0.4/maven-model-2.0.4.pom
2017-11-10 14:58:41,740 [Worker-50] INFO  o.e.m.c.i.e.AbstractTransferListenerAdapter - Downloaded https://repo.maven.apache.org/maven2/org/apache/maven/maven-model/2.0.4/maven-model-2.0.4.pom
2017-11-10 14:58:41,781 [Worker-50] INFO  o.e.m.c.i.e.AbstractTransferListenerAdapter - Downloading https://repo.maven.apache.org/maven2/org/apache/maven/maven-profile/2.0.4/maven-profile-2.0.4.pom
2017-11-10 14:58:41,810 [Worker-50] INFO  o.e.m.c.i.e.AbstractTransferListenerAdapter - Downloaded https://repo.maven.apache.org/maven2/org/apache/maven/maven-profile/2.0.4/maven-profile-2.0.4.pom
2017-11-10 14:58:41,843 [Worker-50] INFO  o.e.m.c.i.e.AbstractTransferListenerAdapter - Downloading https://repo.maven.apache.org/maven2/org/apache/maven/maven-artifact-manager/2.0.4/maven-artifact-manager-2.0.4.pom
2017-11-10 14:58:41,872 [Worker-50] INFO  o.e.m.c.i.e.AbstractTransferListenerAdapter - Downloaded https://repo.maven.apache.org/maven2/org/apache/maven/maven-artifact-manager/2.0.4/maven-artifact-manager-2.0.4.pom
2017-11-10 14:58:41,905 [Worker-50] INFO  o.e.m.c.i.e.AbstractTransferListenerAdapter - Downloading https://repo.maven.apache.org/maven2/org/apache/maven/maven-repository-metadata/2.0.4/maven-repository-metadata-2.0.4.pom
2017-11-10 14:58:41,934 [Worker-50] INFO  o.e.m.c.i.e.AbstractTransferListenerAdapter - Downloaded https://repo.maven.apache.org/maven2/org/apache/maven/maven-repository-metadata/2.0.4/maven-repository-metadata-2.0.4.pom
2017-11-10 14:58:41,966 [Worker-50] INFO  o.e.m.c.i.e.AbstractTransferListenerAdapter - Downloading https://repo.maven.apache.org/maven2/org/apache/maven/maven-artifact/2.0.4/maven-artifact-2.0.4.pom
2017-11-10 14:58:41,998 [Worker-50] INFO  o.e.m.c.i.e.AbstractTransferListenerAdapter - Downloaded https://repo.maven.apache.org/maven2/org/apache/maven/maven-artifact/2.0.4/maven-artifact-2.0.4.pom
2017-11-10 14:58:42,144 [Worker-50] INFO  o.e.m.c.i.e.AbstractTransferListenerAdapter - Downloading https://repo.maven.apache.org/maven2/org/kohsuke/args4j/args4j-maven-plugin/2.33/args4j-maven-plugin-2.33.jar
2017-11-10 14:58:42,272 [Worker-50] INFO  o.e.m.c.i.e.AbstractTransferListenerAdapter - Downloaded https://repo.maven.apache.org/maven2/org/kohsuke/args4j/args4j-maven-plugin/2.33/args4j-maven-plugin-2.33.jar
2017-11-10 14:58:42,410 [Worker-50] INFO  o.e.m.c.i.e.AbstractTransferListenerAdapter - Downloading https://repo.maven.apache.org/maven2/args4j/args4j-tools/2.33/args4j-tools-2.33-all.jar
2017-11-10 14:58:42,684 [Worker-50] INFO  o.e.m.c.i.e.AbstractTransferListenerAdapter - Downloaded https://repo.maven.apache.org/maven2/args4j/args4j-tools/2.33/args4j-tools-2.33-all.jar
2017-11-10 14:58:42,733 [Worker-50] INFO  o.e.m.c.i.e.AbstractTransferListenerAdapter - Downloading https://repo.maven.apache.org/maven2/args4j/args4j/2.33/args4j-2.33.jar
2017-11-10 14:58:42,872 [Worker-50] INFO  o.e.m.c.i.e.AbstractTransferListenerAdapter - Downloaded https://repo.maven.apache.org/maven2/args4j/args4j/2.33/args4j-2.33.jar
2017-11-10 14:58:42,921 [Worker-50] INFO  o.e.m.c.i.e.AbstractTransferListenerAdapter - Downloading https://repo.maven.apache.org/maven2/org/apache/maven/maven-project/2.0.4/maven-project-2.0.4.jar
2017-11-10 14:58:43,023 [Worker-50] INFO  o.e.m.c.i.e.AbstractTransferListenerAdapter - Downloaded https://repo.maven.apache.org/maven2/org/apache/maven/maven-project/2.0.4/maven-project-2.0.4.jar
2017-11-10 14:58:43,053 [Worker-50] INFO  o.e.m.c.i.e.AbstractTransferListenerAdapter - Downloading https://repo.maven.apache.org/maven2/org/apache/maven/maven-settings/2.0.4/maven-settings-2.0.4.jar
2017-11-10 14:58:43,122 [Worker-50] INFO  o.e.m.c.i.e.AbstractTransferListenerAdapter - Downloaded https://repo.maven.apache.org/maven2/org/apache/maven/maven-settings/2.0.4/maven-settings-2.0.4.jar
2017-11-10 14:58:43,167 [Worker-50] INFO  o.e.m.c.i.e.AbstractTransferListenerAdapter - Downloading https://repo.maven.apache.org/maven2/org/apache/maven/maven-profile/2.0.4/maven-profile-2.0.4.jar
2017-11-10 14:58:43,204 [Worker-50] INFO  o.e.m.c.i.e.AbstractTransferListenerAdapter - Downloaded https://repo.maven.apache.org/maven2/org/apache/maven/maven-profile/2.0.4/maven-profile-2.0.4.jar
2017-11-10 14:58:43,251 [Worker-50] INFO  o.e.m.c.i.e.AbstractTransferListenerAdapter - Downloading https://repo.maven.apache.org/maven2/org/apache/maven/maven-model/2.0.4/maven-model-2.0.4.jar
2017-11-10 14:58:43,329 [Worker-50] INFO  o.e.m.c.i.e.AbstractTransferListenerAdapter - Downloaded https://repo.maven.apache.org/maven2/org/apache/maven/maven-model/2.0.4/maven-model-2.0.4.jar
2017-11-10 14:58:43,375 [Worker-50] INFO  o.e.m.c.i.e.AbstractTransferListenerAdapter - Downloading https://repo.maven.apache.org/maven2/org/apache/maven/maven-artifact-manager/2.0.4/maven-artifact-manager-2.0.4.jar
2017-11-10 14:58:43,430 [Worker-50] INFO  o.e.m.c.i.e.AbstractTransferListenerAdapter - Downloaded https://repo.maven.apache.org/maven2/org/apache/maven/maven-artifact-manager/2.0.4/maven-artifact-manager-2.0.4.jar
2017-11-10 14:58:43,480 [Worker-50] INFO  o.e.m.c.i.e.AbstractTransferListenerAdapter - Downloading https://repo.maven.apache.org/maven2/org/apache/maven/maven-repository-metadata/2.0.4/maven-repository-metadata-2.0.4.jar
2017-11-10 14:58:43,512 [Worker-50] INFO  o.e.m.c.i.e.AbstractTransferListenerAdapter - Downloaded https://repo.maven.apache.org/maven2/org/apache/maven/maven-repository-metadata/2.0.4/maven-repository-metadata-2.0.4.jar
2017-11-10 14:58:43,559 [Worker-50] INFO  o.e.m.c.i.e.AbstractTransferListenerAdapter - Downloading https://repo.maven.apache.org/maven2/org/apache/maven/maven-artifact/2.0.4/maven-artifact-2.0.4.jar
2017-11-10 14:58:43,638 [Worker-50] INFO  o.e.m.c.i.e.AbstractTransferListenerAdapter - Downloaded https://repo.maven.apache.org/maven2/org/apache/maven/maven-artifact/2.0.4/maven-artifact-2.0.4.jar
2017-11-10 14:58:43,674 [Worker-50] INFO  o.e.m.c.i.e.AbstractTransferListenerAdapter - Downloading https://repo.maven.apache.org/maven2/org/apache/maven/maven-plugin-api/2.0/maven-plugin-api-2.0.jar
2017-11-10 14:58:43,703 [Worker-50] INFO  o.e.m.c.i.e.AbstractTransferListenerAdapter - Downloaded https://repo.maven.apache.org/maven2/org/apache/maven/maven-plugin-api/2.0/maven-plugin-api-2.0.jar
2017-11-10 14:58:44,333 [Worker-50] INFO  o.e.m.c.i.embedder.EclipseLogger - Using 'UTF-8' encoding to copy filtered resources.
2017-11-10 14:58:44,335 [Worker-50] INFO  o.e.m.c.i.embedder.EclipseLogger - Copying 0 resource
2017-11-10 14:58:44,338 [Worker-50] INFO  o.e.m.c.i.embedder.EclipseLogger - Using 'UTF-8' encoding to copy filtered resources.
2017-11-10 14:58:44,338 [Worker-50] INFO  o.e.m.c.i.embedder.EclipseLogger - skip non existing resourceDirectory /Users/Simao/ISEP2017/TP_WebAdvanced_ALL/TP_WebAdvanced/TP2_PEDRO_NARBONI/jdbcTP2/src/test/resources
2017-11-10 14:58:46,190 [Worker-53] INFO  o.e.m.c.i.embedder.EclipseLogger - Using 'UTF-8' encoding to copy filtered resources.
2017-11-10 14:58:46,191 [Worker-53] INFO  o.e.m.c.i.embedder.EclipseLogger - Copying 1 resource
2017-11-10 14:58:46,200 [Worker-53] INFO  o.e.m.c.i.embedder.EclipseLogger - Using 'UTF-8' encoding to copy filtered resources.
2017-11-10 14:58:46,200 [Worker-53] INFO  o.e.m.c.i.embedder.EclipseLogger - skip non existing resourceDirectory /Users/Simao/ISEP2017/TP_WebAdvanced_ALL/TP_WebAdvanced/TP2_PEDRO_NARBONI/jdbcTP2/src/test/resources
2017-11-10 15:02:44,672 [Worker-48] INFO  o.e.m.c.i.embedder.EclipseLogger - Using 'UTF-8' encoding to copy filtered resources.
2017-11-10 15:02:44,676 [Worker-48] INFO  o.e.m.c.i.embedder.EclipseLogger - Copying 1 resource
2017-11-10 15:02:44,678 [Worker-48] INFO  o.e.m.c.i.embedder.EclipseLogger - Using 'UTF-8' encoding to copy filtered resources.
2017-11-10 15:02:44,678 [Worker-48] INFO  o.e.m.c.i.embedder.EclipseLogger - skip non existing resourceDirectory /Users/Simao/ISEP2017/TP_WebAdvanced_ALL/TP_WebAdvanced/TP2_PEDRO_NARBONI/jdbcTP2/src/test/resources
2017-11-10 15:07:12,444 [Worker-48] INFO  o.e.m.c.i.embedder.EclipseLogger - Using 'UTF-8' encoding to copy filtered resources.
2017-11-10 15:07:12,445 [Worker-48] INFO  o.e.m.c.i.embedder.EclipseLogger - Copying 1 resource
2017-11-10 15:07:12,446 [Worker-48] INFO  o.e.m.c.i.embedder.EclipseLogger - Using 'UTF-8' encoding to copy filtered resources.
2017-11-10 15:07:12,446 [Worker-48] INFO  o.e.m.c.i.embedder.EclipseLogger - skip non existing resourceDirectory /Users/Simao/ISEP2017/TP_WebAdvanced_ALL/TP_WebAdvanced/TP2_PEDRO_NARBONI/jdbcTP2/src/test/resources
2017-11-10 15:08:22,584 [Worker-48] INFO  o.e.m.c.i.e.AbstractTransferListenerAdapter - Downloading https://repo.maven.apache.org/maven2/args4j/args4j-tools/2.33/args4j-tools-2.33-sources.jar
2017-11-10 15:08:22,760 [Worker-48] INFO  o.e.m.c.i.e.AbstractTransferListenerAdapter - Downloaded https://repo.maven.apache.org/maven2/args4j/args4j-tools/2.33/args4j-tools-2.33-sources.jar
2017-11-10 15:08:22,782 [Worker-48] INFO  o.e.m.j.internal.DownloadSourcesJob - Downloaded sources for args4j:args4j-tools:2.33:all
2017-11-10 15:08:22,975 [Worker-54] INFO  o.e.m.c.i.embedder.EclipseLogger - Using 'UTF-8' encoding to copy filtered resources.
2017-11-10 15:08:22,976 [Worker-54] INFO  o.e.m.c.i.embedder.EclipseLogger - Copying 0 resource
2017-11-10 15:08:22,977 [Worker-54] INFO  o.e.m.c.i.embedder.EclipseLogger - Using 'UTF-8' encoding to copy filtered resources.
2017-11-10 15:08:22,977 [Worker-54] INFO  o.e.m.c.i.embedder.EclipseLogger - skip non existing resourceDirectory /Users/Simao/ISEP2017/TP_WebAdvanced_ALL/TP_WebAdvanced/TP2_PEDRO_NARBONI/jdbcTP2/src/test/resources
2017-11-10 15:09:01,124 [Worker-48] INFO  o.e.m.c.i.embedder.EclipseLogger - Using 'UTF-8' encoding to copy filtered resources.
2017-11-10 15:09:01,125 [Worker-48] INFO  o.e.m.c.i.embedder.EclipseLogger - Copying 1 resource
2017-11-10 15:09:01,126 [Worker-48] INFO  o.e.m.c.i.embedder.EclipseLogger - Using 'UTF-8' encoding to copy filtered resources.
2017-11-10 15:09:01,126 [Worker-48] INFO  o.e.m.c.i.embedder.EclipseLogger - skip non existing resourceDirectory /Users/Simao/ISEP2017/TP_WebAdvanced_ALL/TP_WebAdvanced/TP2_PEDRO_NARBONI/jdbcTP2/src/test/resources
2017-11-10 15:16:39,145 [Worker-58] INFO  o.e.m.c.i.embedder.EclipseLogger - Using 'UTF-8' encoding to copy filtered resources.
2017-11-10 15:16:39,146 [Worker-58] INFO  o.e.m.c.i.embedder.EclipseLogger - Copying 1 resource
2017-11-10 15:16:39,147 [Worker-58] INFO  o.e.m.c.i.embedder.EclipseLogger - Using 'UTF-8' encoding to copy filtered resources.
2017-11-10 15:16:39,147 [Worker-58] INFO  o.e.m.c.i.embedder.EclipseLogger - skip non existing resourceDirectory /Users/Simao/ISEP2017/TP_WebAdvanced_ALL/TP_WebAdvanced/TP2_PEDRO_NARBONI/jdbcTP2/src/test/resources
2017-11-10 15:17:32,407 [Worker-55] INFO  o.e.m.c.i.embedder.EclipseLogger - Using 'UTF-8' encoding to copy filtered resources.
2017-11-10 15:17:32,408 [Worker-55] INFO  o.e.m.c.i.embedder.EclipseLogger - Copying 1 resource
2017-11-10 15:17:32,410 [Worker-55] INFO  o.e.m.c.i.embedder.EclipseLogger - Using 'UTF-8' encoding to copy filtered resources.
2017-11-10 15:17:32,411 [Worker-55] INFO  o.e.m.c.i.embedder.EclipseLogger - skip non existing resourceDirectory /Users/Simao/ISEP2017/TP_WebAdvanced_ALL/TP_WebAdvanced/TP2_PEDRO_NARBONI/jdbcTP2/src/test/resources
2017-11-10 15:22:45,176 [Worker-63] INFO  o.e.m.c.i.embedder.EclipseLogger - Using 'UTF-8' encoding to copy filtered resources.
2017-11-10 15:22:45,176 [Worker-63] INFO  o.e.m.c.i.embedder.EclipseLogger - Copying 1 resource
2017-11-10 15:22:45,182 [Worker-63] INFO  o.e.m.c.i.embedder.EclipseLogger - Using 'UTF-8' encoding to copy filtered resources.
2017-11-10 15:22:45,182 [Worker-63] INFO  o.e.m.c.i.embedder.EclipseLogger - skip non existing resourceDirectory /Users/Simao/ISEP2017/TP_WebAdvanced_ALL/TP_WebAdvanced/TP2_PEDRO_NARBONI/jdbcTP2/src/test/resources
2017-11-10 15:23:02,657 [Worker-63] INFO  o.e.m.c.i.embedder.EclipseLogger - Using 'UTF-8' encoding to copy filtered resources.
2017-11-10 15:23:02,657 [Worker-63] INFO  o.e.m.c.i.embedder.EclipseLogger - Copying 1 resource
2017-11-10 15:23:02,659 [Worker-63] INFO  o.e.m.c.i.embedder.EclipseLogger - Using 'UTF-8' encoding to copy filtered resources.
2017-11-10 15:23:02,659 [Worker-63] INFO  o.e.m.c.i.embedder.EclipseLogger - skip non existing resourceDirectory /Users/Simao/ISEP2017/TP_WebAdvanced_ALL/TP_WebAdvanced/TP2_PEDRO_NARBONI/jdbcTP2/src/test/resources
2017-11-10 15:26:49,103 [Worker-62] INFO  o.e.m.c.i.embedder.EclipseLogger - Using 'UTF-8' encoding to copy filtered resources.
2017-11-10 15:26:49,104 [Worker-62] INFO  o.e.m.c.i.embedder.EclipseLogger - Copying 1 resource
2017-11-10 15:26:49,105 [Worker-62] INFO  o.e.m.c.i.embedder.EclipseLogger - Using 'UTF-8' encoding to copy filtered resources.
2017-11-10 15:26:49,105 [Worker-62] INFO  o.e.m.c.i.embedder.EclipseLogger - skip non existing resourceDirectory /Users/Simao/ISEP2017/TP_WebAdvanced_ALL/TP_WebAdvanced/TP2_PEDRO_NARBONI/jdbcTP2/src/test/resources
2017-11-10 15:27:47,340 [Worker-63] INFO  o.e.m.c.i.embedder.EclipseLogger - Using 'UTF-8' encoding to copy filtered resources.
2017-11-10 15:27:47,342 [Worker-63] INFO  o.e.m.c.i.embedder.EclipseLogger - Copying 1 resource
2017-11-10 15:27:47,343 [Worker-63] INFO  o.e.m.c.i.embedder.EclipseLogger - Using 'UTF-8' encoding to copy filtered resources.
2017-11-10 15:27:47,343 [Worker-63] INFO  o.e.m.c.i.embedder.EclipseLogger - skip non existing resourceDirectory /Users/Simao/ISEP2017/TP_WebAdvanced_ALL/TP_WebAdvanced/TP2_PEDRO_NARBONI/jdbcTP2/src/test/resources
2017-11-10 15:28:19,527 [Worker-67] INFO  o.e.m.c.i.embedder.EclipseLogger - Using 'UTF-8' encoding to copy filtered resources.
2017-11-10 15:28:19,528 [Worker-67] INFO  o.e.m.c.i.embedder.EclipseLogger - Copying 1 resource
2017-11-10 15:28:19,530 [Worker-67] INFO  o.e.m.c.i.embedder.EclipseLogger - Using 'UTF-8' encoding to copy filtered resources.
2017-11-10 15:28:19,530 [Worker-67] INFO  o.e.m.c.i.embedder.EclipseLogger - skip non existing resourceDirectory /Users/Simao/ISEP2017/TP_WebAdvanced_ALL/TP_WebAdvanced/TP2_PEDRO_NARBONI/jdbcTP2/src/test/resources
2017-11-10 15:28:45,996 [Worker-63] INFO  o.e.m.c.i.embedder.EclipseLogger - Using 'UTF-8' encoding to copy filtered resources.
2017-11-10 15:28:45,997 [Worker-63] INFO  o.e.m.c.i.embedder.EclipseLogger - Copying 1 resource
2017-11-10 15:28:45,998 [Worker-63] INFO  o.e.m.c.i.embedder.EclipseLogger - Using 'UTF-8' encoding to copy filtered resources.
2017-11-10 15:28:45,998 [Worker-63] INFO  o.e.m.c.i.embedder.EclipseLogger - skip non existing resourceDirectory /Users/Simao/ISEP2017/TP_WebAdvanced_ALL/TP_WebAdvanced/TP2_PEDRO_NARBONI/jdbcTP2/src/test/resources
2017-11-10 15:29:32,575 [Worker-62] INFO  o.e.m.c.i.embedder.EclipseLogger - Using 'UTF-8' encoding to copy filtered resources.
2017-11-10 15:29:32,577 [Worker-62] INFO  o.e.m.c.i.embedder.EclipseLogger - Copying 1 resource
2017-11-10 15:29:32,578 [Worker-62] INFO  o.e.m.c.i.embedder.EclipseLogger - Using 'UTF-8' encoding to copy filtered resources.
2017-11-10 15:29:32,578 [Worker-62] INFO  o.e.m.c.i.embedder.EclipseLogger - skip non existing resourceDirectory /Users/Simao/ISEP2017/TP_WebAdvanced_ALL/TP_WebAdvanced/TP2_PEDRO_NARBONI/jdbcTP2/src/test/resources
2017-11-10 15:31:34,132 [Worker-63] INFO  o.e.m.c.i.embedder.EclipseLogger - Using 'UTF-8' encoding to copy filtered resources.
2017-11-10 15:31:34,133 [Worker-63] INFO  o.e.m.c.i.embedder.EclipseLogger - Copying 1 resource
2017-11-10 15:31:34,136 [Worker-63] INFO  o.e.m.c.i.embedder.EclipseLogger - Using 'UTF-8' encoding to copy filtered resources.
2017-11-10 15:31:34,137 [Worker-63] INFO  o.e.m.c.i.embedder.EclipseLogger - skip non existing resourceDirectory /Users/Simao/ISEP2017/TP_WebAdvanced_ALL/TP_WebAdvanced/TP2_PEDRO_NARBONI/jdbcTP2/src/test/resources
2017-11-10 15:34:13,062 [Worker-62] INFO  o.e.m.c.i.embedder.EclipseLogger - Using 'UTF-8' encoding to copy filtered resources.
2017-11-10 15:34:13,063 [Worker-62] INFO  o.e.m.c.i.embedder.EclipseLogger - Copying 1 resource
2017-11-10 15:34:13,064 [Worker-62] INFO  o.e.m.c.i.embedder.EclipseLogger - Using 'UTF-8' encoding to copy filtered resources.
2017-11-10 15:34:13,064 [Worker-62] INFO  o.e.m.c.i.embedder.EclipseLogger - skip non existing resourceDirectory /Users/Simao/ISEP2017/TP_WebAdvanced_ALL/TP_WebAdvanced/TP2_PEDRO_NARBONI/jdbcTP2/src/test/resources
2017-11-10 15:34:38,154 [Worker-63] INFO  o.e.m.c.i.embedder.EclipseLogger - Using 'UTF-8' encoding to copy filtered resources.
2017-11-10 15:34:38,154 [Worker-63] INFO  o.e.m.c.i.embedder.EclipseLogger - Copying 1 resource
2017-11-10 15:34:38,155 [Worker-63] INFO  o.e.m.c.i.embedder.EclipseLogger - Using 'UTF-8' encoding to copy filtered resources.
2017-11-10 15:34:38,155 [Worker-63] INFO  o.e.m.c.i.embedder.EclipseLogger - skip non existing resourceDirectory /Users/Simao/ISEP2017/TP_WebAdvanced_ALL/TP_WebAdvanced/TP2_PEDRO_NARBONI/jdbcTP2/src/test/resources
2017-11-10 15:36:24,642 [Worker-63] INFO  o.e.m.c.i.embedder.EclipseLogger - Using 'UTF-8' encoding to copy filtered resources.
2017-11-10 15:36:24,643 [Worker-63] INFO  o.e.m.c.i.embedder.EclipseLogger - Copying 1 resource
2017-11-10 15:36:24,644 [Worker-63] INFO  o.e.m.c.i.embedder.EclipseLogger - Using 'UTF-8' encoding to copy filtered resources.
2017-11-10 15:36:24,644 [Worker-63] INFO  o.e.m.c.i.embedder.EclipseLogger - skip non existing resourceDirectory /Users/Simao/ISEP2017/TP_WebAdvanced_ALL/TP_WebAdvanced/TP2_PEDRO_NARBONI/jdbcTP2/src/test/resources
2017-11-10 15:37:31,133 [Worker-68] INFO  o.e.m.c.i.embedder.EclipseLogger - Using 'UTF-8' encoding to copy filtered resources.
2017-11-10 15:37:31,134 [Worker-68] INFO  o.e.m.c.i.embedder.EclipseLogger - Copying 1 resource
2017-11-10 15:37:31,136 [Worker-68] INFO  o.e.m.c.i.embedder.EclipseLogger - Using 'UTF-8' encoding to copy filtered resources.
2017-11-10 15:37:31,136 [Worker-68] INFO  o.e.m.c.i.embedder.EclipseLogger - skip non existing resourceDirectory /Users/Simao/ISEP2017/TP_WebAdvanced_ALL/TP_WebAdvanced/TP2_PEDRO_NARBONI/jdbcTP2/src/test/resources
2017-11-10 16:14:46,956 [Worker-88] INFO  o.e.m.c.i.embedder.EclipseLogger - Using 'UTF-8' encoding to copy filtered resources.
2017-11-10 16:14:46,958 [Worker-88] INFO  o.e.m.c.i.embedder.EclipseLogger - Copying 1 resource
2017-11-10 16:14:46,960 [Worker-88] INFO  o.e.m.c.i.embedder.EclipseLogger - Using 'UTF-8' encoding to copy filtered resources.
2017-11-10 16:14:46,960 [Worker-88] INFO  o.e.m.c.i.embedder.EclipseLogger - skip non existing resourceDirectory /Users/Simao/ISEP2017/TP_WebAdvanced_ALL/TP_WebAdvanced/TP2_PEDRO_NARBONI/jdbcTP2/src/test/resources
2017-11-10 16:20:33,521 [Worker-92] INFO  o.e.m.c.i.embedder.EclipseLogger - Using 'UTF-8' encoding to copy filtered resources.
2017-11-10 16:20:33,522 [Worker-92] INFO  o.e.m.c.i.embedder.EclipseLogger - Copying 1 resource
2017-11-10 16:20:33,523 [Worker-92] INFO  o.e.m.c.i.embedder.EclipseLogger - Using 'UTF-8' encoding to copy filtered resources.
2017-11-10 16:20:33,523 [Worker-92] INFO  o.e.m.c.i.embedder.EclipseLogger - skip non existing resourceDirectory /Users/Simao/ISEP2017/TP_WebAdvanced_ALL/TP_WebAdvanced/TP2_PEDRO_NARBONI/jdbcTP2/src/test/resources
2017-11-10 16:21:26,896 [Worker-90] INFO  o.e.m.c.i.embedder.EclipseLogger - Using 'UTF-8' encoding to copy filtered resources.
2017-11-10 16:21:26,897 [Worker-90] INFO  o.e.m.c.i.embedder.EclipseLogger - Copying 1 resource
2017-11-10 16:21:26,898 [Worker-90] INFO  o.e.m.c.i.embedder.EclipseLogger - Using 'UTF-8' encoding to copy filtered resources.
2017-11-10 16:21:26,898 [Worker-90] INFO  o.e.m.c.i.embedder.EclipseLogger - skip non existing resourceDirectory /Users/Simao/ISEP2017/TP_WebAdvanced_ALL/TP_WebAdvanced/TP2_PEDRO_NARBONI/jdbcTP2/src/test/resources
2017-11-10 16:21:34,091 [Worker-94] INFO  o.e.m.c.i.embedder.EclipseLogger - Using 'UTF-8' encoding to copy filtered resources.
2017-11-10 16:21:34,091 [Worker-94] INFO  o.e.m.c.i.embedder.EclipseLogger - Copying 1 resource
2017-11-10 16:21:34,093 [Worker-94] INFO  o.e.m.c.i.embedder.EclipseLogger - Using 'UTF-8' encoding to copy filtered resources.
2017-11-10 16:21:34,093 [Worker-94] INFO  o.e.m.c.i.embedder.EclipseLogger - skip non existing resourceDirectory /Users/Simao/ISEP2017/TP_WebAdvanced_ALL/TP_WebAdvanced/TP2_PEDRO_NARBONI/jdbcTP2/src/test/resources
2017-11-10 16:21:54,481 [Worker-94] INFO  o.e.m.c.i.embedder.EclipseLogger - Using 'UTF-8' encoding to copy filtered resources.
2017-11-10 16:21:54,481 [Worker-94] INFO  o.e.m.c.i.embedder.EclipseLogger - Copying 1 resource
2017-11-10 16:21:54,482 [Worker-94] INFO  o.e.m.c.i.embedder.EclipseLogger - Using 'UTF-8' encoding to copy filtered resources.
2017-11-10 16:21:54,482 [Worker-94] INFO  o.e.m.c.i.embedder.EclipseLogger - skip non existing resourceDirectory /Users/Simao/ISEP2017/TP_WebAdvanced_ALL/TP_WebAdvanced/TP2_PEDRO_NARBONI/jdbcTP2/src/test/resources
2017-11-10 16:24:03,845 [Worker-84] INFO  o.e.m.c.i.embedder.EclipseLogger - Using 'UTF-8' encoding to copy filtered resources.
2017-11-10 16:24:03,846 [Worker-84] INFO  o.e.m.c.i.embedder.EclipseLogger - Copying 1 resource
2017-11-10 16:24:03,847 [Worker-84] INFO  o.e.m.c.i.embedder.EclipseLogger - Using 'UTF-8' encoding to copy filtered resources.
2017-11-10 16:24:03,848 [Worker-84] INFO  o.e.m.c.i.embedder.EclipseLogger - skip non existing resourceDirectory /Users/Simao/ISEP2017/TP_WebAdvanced_ALL/TP_WebAdvanced/TP2_PEDRO_NARBONI/jdbcTP2/src/test/resources
2017-11-10 16:25:38,664 [Worker-90] INFO  o.e.m.c.i.embedder.EclipseLogger - Using 'UTF-8' encoding to copy filtered resources.
2017-11-10 16:25:38,665 [Worker-90] INFO  o.e.m.c.i.embedder.EclipseLogger - Copying 1 resource
2017-11-10 16:25:38,665 [Worker-90] INFO  o.e.m.c.i.embedder.EclipseLogger - Using 'UTF-8' encoding to copy filtered resources.
2017-11-10 16:25:38,666 [Worker-90] INFO  o.e.m.c.i.embedder.EclipseLogger - skip non existing resourceDirectory /Users/Simao/ISEP2017/TP_WebAdvanced_ALL/TP_WebAdvanced/TP2_PEDRO_NARBONI/jdbcTP2/src/test/resources
2017-11-10 16:27:40,754 [Worker-95] INFO  o.e.m.c.i.embedder.EclipseLogger - Using 'UTF-8' encoding to copy filtered resources.
2017-11-10 16:27:40,755 [Worker-95] INFO  o.e.m.c.i.embedder.EclipseLogger - Copying 1 resource
2017-11-10 16:27:40,756 [Worker-95] INFO  o.e.m.c.i.embedder.EclipseLogger - Using 'UTF-8' encoding to copy filtered resources.
2017-11-10 16:27:40,756 [Worker-95] INFO  o.e.m.c.i.embedder.EclipseLogger - skip non existing resourceDirectory /Users/Simao/ISEP2017/TP_WebAdvanced_ALL/TP_WebAdvanced/TP2_PEDRO_NARBONI/jdbcTP2/src/test/resources
2017-11-10 16:32:31,240 [Worker-100] INFO  o.e.m.c.i.embedder.EclipseLogger - Using 'UTF-8' encoding to copy filtered resources.
2017-11-10 16:32:31,240 [Worker-100] INFO  o.e.m.c.i.embedder.EclipseLogger - Copying 1 resource
2017-11-10 16:32:31,241 [Worker-100] INFO  o.e.m.c.i.embedder.EclipseLogger - Using 'UTF-8' encoding to copy filtered resources.
2017-11-10 16:32:31,241 [Worker-100] INFO  o.e.m.c.i.embedder.EclipseLogger - skip non existing resourceDirectory /Users/Simao/ISEP2017/TP_WebAdvanced_ALL/TP_WebAdvanced/TP2_PEDRO_NARBONI/jdbcTP2/src/test/resources
2017-11-10 16:55:20,116 [Worker-107] INFO  o.e.m.c.i.embedder.EclipseLogger - Using 'UTF-8' encoding to copy filtered resources.
2017-11-10 16:55:20,120 [Worker-107] INFO  o.e.m.c.i.embedder.EclipseLogger - Copying 1 resource
2017-11-10 16:55:20,122 [Worker-107] INFO  o.e.m.c.i.embedder.EclipseLogger - Using 'UTF-8' encoding to copy filtered resources.
2017-11-10 16:55:20,122 [Worker-107] INFO  o.e.m.c.i.embedder.EclipseLogger - skip non existing resourceDirectory /Users/Simao/ISEP2017/TP_WebAdvanced_ALL/TP_WebAdvanced/TP2_PEDRO_NARBONI/jdbcTP2/src/test/resources
2017-11-10 17:00:36,524 [Worker-113] INFO  o.e.m.c.i.embedder.EclipseLogger - Using 'UTF-8' encoding to copy filtered resources.
2017-11-10 17:00:36,525 [Worker-113] INFO  o.e.m.c.i.embedder.EclipseLogger - Copying 1 resource
2017-11-10 17:00:36,526 [Worker-113] INFO  o.e.m.c.i.embedder.EclipseLogger - Using 'UTF-8' encoding to copy filtered resources.
2017-11-10 17:00:36,526 [Worker-113] INFO  o.e.m.c.i.embedder.EclipseLogger - skip non existing resourceDirectory /Users/Simao/ISEP2017/TP_WebAdvanced_ALL/TP_WebAdvanced/TP2_PEDRO_NARBONI/jdbcTP2/src/test/resources
2017-11-10 17:02:27,368 [Worker-110] INFO  o.e.m.c.i.embedder.EclipseLogger - Using 'UTF-8' encoding to copy filtered resources.
2017-11-10 17:02:27,369 [Worker-110] INFO  o.e.m.c.i.embedder.EclipseLogger - Copying 1 resource
2017-11-10 17:02:27,370 [Worker-110] INFO  o.e.m.c.i.embedder.EclipseLogger - Using 'UTF-8' encoding to copy filtered resources.
2017-11-10 17:02:27,371 [Worker-110] INFO  o.e.m.c.i.embedder.EclipseLogger - skip non existing resourceDirectory /Users/Simao/ISEP2017/TP_WebAdvanced_ALL/TP_WebAdvanced/TP2_PEDRO_NARBONI/jdbcTP2/src/test/resources
2017-11-10 17:08:51,602 [Worker-110] INFO  o.e.m.c.i.embedder.EclipseLogger - Using 'UTF-8' encoding to copy filtered resources.
2017-11-10 17:08:51,603 [Worker-110] INFO  o.e.m.c.i.embedder.EclipseLogger - Copying 1 resource
2017-11-10 17:08:51,604 [Worker-110] INFO  o.e.m.c.i.embedder.EclipseLogger - Using 'UTF-8' encoding to copy filtered resources.
2017-11-10 17:08:51,605 [Worker-110] INFO  o.e.m.c.i.embedder.EclipseLogger - skip non existing resourceDirectory /Users/Simao/ISEP2017/TP_WebAdvanced_ALL/TP_WebAdvanced/TP2_PEDRO_NARBONI/jdbcTP2/src/test/resources
2017-11-10 17:17:40,877 [Worker-121] INFO  o.e.m.c.i.embedder.EclipseLogger - Using 'UTF-8' encoding to copy filtered resources.
2017-11-10 17:17:40,882 [Worker-121] INFO  o.e.m.c.i.embedder.EclipseLogger - Copying 1 resource
2017-11-10 17:17:40,883 [Worker-121] INFO  o.e.m.c.i.embedder.EclipseLogger - Using 'UTF-8' encoding to copy filtered resources.
2017-11-10 17:17:40,883 [Worker-121] INFO  o.e.m.c.i.embedder.EclipseLogger - skip non existing resourceDirectory /Users/Simao/ISEP2017/TP_WebAdvanced_ALL/TP_WebAdvanced/TP2_PEDRO_NARBONI/jdbcTP2/src/test/resources
2017-11-10 17:51:00,017 [Worker-139] INFO  o.e.m.c.i.embedder.EclipseLogger - Using 'UTF-8' encoding to copy filtered resources.
2017-11-10 17:51:00,018 [Worker-139] INFO  o.e.m.c.i.embedder.EclipseLogger - Copying 1 resource
2017-11-10 17:51:00,019 [Worker-139] INFO  o.e.m.c.i.embedder.EclipseLogger - Using 'UTF-8' encoding to copy filtered resources.
2017-11-10 17:51:00,019 [Worker-139] INFO  o.e.m.c.i.embedder.EclipseLogger - skip non existing resourceDirectory /Users/Simao/ISEP2017/TP_WebAdvanced_ALL/TP_WebAdvanced/TP2_PEDRO_NARBONI/jdbcTP2/src/test/resources
2017-11-10 17:52:12,570 [Worker-140] INFO  o.e.m.c.i.embedder.EclipseLogger - Using 'UTF-8' encoding to copy filtered resources.
2017-11-10 17:52:12,572 [Worker-140] INFO  o.e.m.c.i.embedder.EclipseLogger - Copying 1 resource
2017-11-10 17:52:12,573 [Worker-140] INFO  o.e.m.c.i.embedder.EclipseLogger - Using 'UTF-8' encoding to copy filtered resources.
2017-11-10 17:52:12,573 [Worker-140] INFO  o.e.m.c.i.embedder.EclipseLogger - skip non existing resourceDirectory /Users/Simao/ISEP2017/TP_WebAdvanced_ALL/TP_WebAdvanced/TP2_PEDRO_NARBONI/jdbcTP2/src/test/resources
2017-11-10 18:05:19,624 [Worker-144] INFO  o.e.m.c.i.embedder.EclipseLogger - Using 'UTF-8' encoding to copy filtered resources.
2017-11-10 18:05:19,625 [Worker-144] INFO  o.e.m.c.i.embedder.EclipseLogger - Copying 1 resource
2017-11-10 18:05:19,626 [Worker-144] INFO  o.e.m.c.i.embedder.EclipseLogger - Using 'UTF-8' encoding to copy filtered resources.
2017-11-10 18:05:19,626 [Worker-144] INFO  o.e.m.c.i.embedder.EclipseLogger - skip non existing resourceDirectory /Users/Simao/ISEP2017/TP_WebAdvanced_ALL/TP_WebAdvanced/TP2_PEDRO_NARBONI/jdbcTP2/src/test/resources
2017-11-10 18:05:28,687 [Worker-148] INFO  o.e.m.c.i.embedder.EclipseLogger - Using 'UTF-8' encoding to copy filtered resources.
2017-11-10 18:05:28,690 [Worker-148] INFO  o.e.m.c.i.embedder.EclipseLogger - Copying 1 resource
2017-11-10 18:05:28,691 [Worker-148] INFO  o.e.m.c.i.embedder.EclipseLogger - Using 'UTF-8' encoding to copy filtered resources.
2017-11-10 18:05:28,691 [Worker-148] INFO  o.e.m.c.i.embedder.EclipseLogger - skip non existing resourceDirectory /Users/Simao/ISEP2017/TP_WebAdvanced_ALL/TP_WebAdvanced/TP2_PEDRO_NARBONI/jdbcTP2/src/test/resources
2017-11-10 18:06:48,529 [Worker-146] INFO  o.e.m.c.i.embedder.EclipseLogger - Using 'UTF-8' encoding to copy filtered resources.
2017-11-10 18:06:48,531 [Worker-146] INFO  o.e.m.c.i.embedder.EclipseLogger - Copying 1 resource
2017-11-10 18:06:48,532 [Worker-146] INFO  o.e.m.c.i.embedder.EclipseLogger - Using 'UTF-8' encoding to copy filtered resources.
2017-11-10 18:06:48,532 [Worker-146] INFO  o.e.m.c.i.embedder.EclipseLogger - skip non existing resourceDirectory /Users/Simao/ISEP2017/TP_WebAdvanced_ALL/TP_WebAdvanced/TP2_PEDRO_NARBONI/jdbcTP2/src/test/resources
2017-11-10 18:22:29,419 [Worker-150] INFO  o.e.m.c.i.embedder.EclipseLogger - Using 'UTF-8' encoding to copy filtered resources.
2017-11-10 18:22:29,422 [Worker-150] INFO  o.e.m.c.i.embedder.EclipseLogger - Copying 1 resource
2017-11-10 18:22:29,423 [Worker-150] INFO  o.e.m.c.i.embedder.EclipseLogger - Using 'UTF-8' encoding to copy filtered resources.
2017-11-10 18:22:29,423 [Worker-150] INFO  o.e.m.c.i.embedder.EclipseLogger - skip non existing resourceDirectory /Users/Simao/ISEP2017/TP_WebAdvanced_ALL/TP_WebAdvanced/TP2_PEDRO_NARBONI/jdbcTP2/src/test/resources
2017-11-10 18:22:33,702 [Worker-153] INFO  o.e.m.c.i.embedder.EclipseLogger - Using 'UTF-8' encoding to copy filtered resources.
2017-11-10 18:22:33,703 [Worker-153] INFO  o.e.m.c.i.embedder.EclipseLogger - Copying 1 resource
2017-11-10 18:22:33,704 [Worker-153] INFO  o.e.m.c.i.embedder.EclipseLogger - Using 'UTF-8' encoding to copy filtered resources.
2017-11-10 18:22:33,704 [Worker-153] INFO  o.e.m.c.i.embedder.EclipseLogger - skip non existing resourceDirectory /Users/Simao/ISEP2017/TP_WebAdvanced_ALL/TP_WebAdvanced/TP2_PEDRO_NARBONI/jdbcTP2/src/test/resources
2017-11-10 18:35:48,414 [Worker-158] INFO  o.e.m.c.i.embedder.EclipseLogger - Using 'UTF-8' encoding to copy filtered resources.
2017-11-10 18:35:48,436 [Worker-158] INFO  o.e.m.c.i.embedder.EclipseLogger - Copying 1 resource
2017-11-10 18:35:48,438 [Worker-158] INFO  o.e.m.c.i.embedder.EclipseLogger - Using 'UTF-8' encoding to copy filtered resources.
2017-11-10 18:35:48,438 [Worker-158] INFO  o.e.m.c.i.embedder.EclipseLogger - skip non existing resourceDirectory /Users/Simao/ISEP2017/TP_WebAdvanced_ALL/TP_WebAdvanced/TP2_PEDRO_NARBONI/jdbcTP2/src/test/resources
2017-11-10 18:38:41,749 [Worker-158] INFO  o.e.m.c.i.embedder.EclipseLogger - Using 'UTF-8' encoding to copy filtered resources.
2017-11-10 18:38:41,749 [Worker-158] INFO  o.e.m.c.i.embedder.EclipseLogger - Copying 1 resource
2017-11-10 18:38:41,750 [Worker-158] INFO  o.e.m.c.i.embedder.EclipseLogger - Using 'UTF-8' encoding to copy filtered resources.
2017-11-10 18:38:41,750 [Worker-158] INFO  o.e.m.c.i.embedder.EclipseLogger - skip non existing resourceDirectory /Users/Simao/ISEP2017/TP_WebAdvanced_ALL/TP_WebAdvanced/TP2_PEDRO_NARBONI/jdbcTP2/src/test/resources
2017-11-10 18:39:27,072 [Worker-150] INFO  o.e.m.c.i.embedder.EclipseLogger - Using 'UTF-8' encoding to copy filtered resources.
2017-11-10 18:39:27,072 [Worker-150] INFO  o.e.m.c.i.embedder.EclipseLogger - Copying 1 resource
2017-11-10 18:39:27,073 [Worker-150] INFO  o.e.m.c.i.embedder.EclipseLogger - Using 'UTF-8' encoding to copy filtered resources.
2017-11-10 18:39:27,074 [Worker-150] INFO  o.e.m.c.i.embedder.EclipseLogger - skip non existing resourceDirectory /Users/Simao/ISEP2017/TP_WebAdvanced_ALL/TP_WebAdvanced/TP2_PEDRO_NARBONI/jdbcTP2/src/test/resources
2017-11-10 18:46:05,710 [Worker-155] INFO  o.e.m.c.i.embedder.EclipseLogger - Using 'UTF-8' encoding to copy filtered resources.
2017-11-10 18:46:05,715 [Worker-155] INFO  o.e.m.c.i.embedder.EclipseLogger - Copying 1 resource
2017-11-10 18:46:05,716 [Worker-155] INFO  o.e.m.c.i.embedder.EclipseLogger - Using 'UTF-8' encoding to copy filtered resources.
2017-11-10 18:46:05,716 [Worker-155] INFO  o.e.m.c.i.embedder.EclipseLogger - skip non existing resourceDirectory /Users/Simao/ISEP2017/TP_WebAdvanced_ALL/TP_WebAdvanced/TP2_PEDRO_NARBONI/jdbcTP2/src/test/resources
2017-11-10 18:54:41,592 [Worker-166] INFO  o.e.m.c.i.embedder.EclipseLogger - Using 'UTF-8' encoding to copy filtered resources.
2017-11-10 18:54:41,594 [Worker-166] INFO  o.e.m.c.i.embedder.EclipseLogger - Copying 1 resource
2017-11-10 18:54:41,596 [Worker-166] INFO  o.e.m.c.i.embedder.EclipseLogger - Using 'UTF-8' encoding to copy filtered resources.
2017-11-10 18:54:41,596 [Worker-166] INFO  o.e.m.c.i.embedder.EclipseLogger - skip non existing resourceDirectory /Users/Simao/ISEP2017/TP_WebAdvanced_ALL/TP_WebAdvanced/TP2_PEDRO_NARBONI/jdbcTP2/src/test/resources
2017-11-10 19:14:31,386 [Worker-175] INFO  o.e.m.c.i.embedder.EclipseLogger - Using 'UTF-8' encoding to copy filtered resources.
2017-11-10 19:14:31,387 [Worker-175] INFO  o.e.m.c.i.embedder.EclipseLogger - Copying 1 resource
2017-11-10 19:14:31,389 [Worker-175] INFO  o.e.m.c.i.embedder.EclipseLogger - Using 'UTF-8' encoding to copy filtered resources.
2017-11-10 19:14:31,389 [Worker-175] INFO  o.e.m.c.i.embedder.EclipseLogger - skip non existing resourceDirectory /Users/Simao/ISEP2017/TP_WebAdvanced_ALL/TP_WebAdvanced/TP2_PEDRO_NARBONI/jdbcTP2/src/test/resources
2017-11-10 19:22:25,630 [Worker-180] INFO  o.e.m.c.i.embedder.EclipseLogger - Using 'UTF-8' encoding to copy filtered resources.
2017-11-10 19:22:25,632 [Worker-180] INFO  o.e.m.c.i.embedder.EclipseLogger - Copying 1 resource
2017-11-10 19:22:25,633 [Worker-180] INFO  o.e.m.c.i.embedder.EclipseLogger - Using 'UTF-8' encoding to copy filtered resources.
2017-11-10 19:22:25,634 [Worker-180] INFO  o.e.m.c.i.embedder.EclipseLogger - skip non existing resourceDirectory /Users/Simao/ISEP2017/TP_WebAdvanced_ALL/TP_WebAdvanced/TP2_PEDRO_NARBONI/jdbcTP2/src/test/resources
2017-11-10 19:39:53,697 [Worker-191] INFO  o.e.m.c.i.embedder.EclipseLogger - Using 'UTF-8' encoding to copy filtered resources.
2017-11-10 19:39:53,699 [Worker-191] INFO  o.e.m.c.i.embedder.EclipseLogger - Copying 1 resource
2017-11-10 19:39:53,701 [Worker-191] INFO  o.e.m.c.i.embedder.EclipseLogger - Using 'UTF-8' encoding to copy filtered resources.
2017-11-10 19:39:53,701 [Worker-191] INFO  o.e.m.c.i.embedder.EclipseLogger - skip non existing resourceDirectory /Users/Simao/ISEP2017/TP_WebAdvanced_ALL/TP_WebAdvanced/TP2_PEDRO_NARBONI/jdbcTP2/src/test/resources
2017-11-10 19:50:29,265 [Worker-200] INFO  o.e.m.c.i.embedder.EclipseLogger - Using 'UTF-8' encoding to copy filtered resources.
2017-11-10 19:50:29,266 [Worker-200] INFO  o.e.m.c.i.embedder.EclipseLogger - Copying 1 resource
2017-11-10 19:50:29,267 [Worker-200] INFO  o.e.m.c.i.embedder.EclipseLogger - Using 'UTF-8' encoding to copy filtered resources.
2017-11-10 19:50:29,267 [Worker-200] INFO  o.e.m.c.i.embedder.EclipseLogger - skip non existing resourceDirectory /Users/Simao/ISEP2017/TP_WebAdvanced_ALL/TP_WebAdvanced/TP2_PEDRO_NARBONI/jdbcTP2/src/test/resources
2017-11-10 19:51:24,398 [Worker-203] INFO  o.e.m.c.i.embedder.EclipseLogger - Using 'UTF-8' encoding to copy filtered resources.
2017-11-10 19:51:24,401 [Worker-203] INFO  o.e.m.c.i.embedder.EclipseLogger - Copying 1 resource
2017-11-10 19:51:24,402 [Worker-203] INFO  o.e.m.c.i.embedder.EclipseLogger - Using 'UTF-8' encoding to copy filtered resources.
2017-11-10 19:51:24,402 [Worker-203] INFO  o.e.m.c.i.embedder.EclipseLogger - skip non existing resourceDirectory /Users/Simao/ISEP2017/TP_WebAdvanced_ALL/TP_WebAdvanced/TP2_PEDRO_NARBONI/jdbcTP2/src/test/resources
2017-11-10 19:54:21,841 [Worker-203] INFO  o.e.m.c.i.embedder.EclipseLogger - Using 'UTF-8' encoding to copy filtered resources.
2017-11-10 19:54:21,844 [Worker-203] INFO  o.e.m.c.i.embedder.EclipseLogger - Copying 1 resource
2017-11-10 19:54:21,845 [Worker-203] INFO  o.e.m.c.i.embedder.EclipseLogger - Using 'UTF-8' encoding to copy filtered resources.
2017-11-10 19:54:21,845 [Worker-203] INFO  o.e.m.c.i.embedder.EclipseLogger - skip non existing resourceDirectory /Users/Simao/ISEP2017/TP_WebAdvanced_ALL/TP_WebAdvanced/TP2_PEDRO_NARBONI/jdbcTP2/src/test/resources
2017-11-10 19:55:20,965 [Worker-200] INFO  o.e.m.c.i.embedder.EclipseLogger - Using 'UTF-8' encoding to copy filtered resources.
2017-11-10 19:55:20,967 [Worker-200] INFO  o.e.m.c.i.embedder.EclipseLogger - Copying 1 resource
2017-11-10 19:55:20,968 [Worker-200] INFO  o.e.m.c.i.embedder.EclipseLogger - Using 'UTF-8' encoding to copy filtered resources.
2017-11-10 19:55:20,968 [Worker-200] INFO  o.e.m.c.i.embedder.EclipseLogger - skip non existing resourceDirectory /Users/Simao/ISEP2017/TP_WebAdvanced_ALL/TP_WebAdvanced/TP2_PEDRO_NARBONI/jdbcTP2/src/test/resources
